
*** Running vivado
    with args -log Datapath.vds -m64 -product Vivado -mode batch -messageDb vivado.pb -notrace -source Datapath.tcl


ECHO is off.
ECHO is off.

****** Vivado v2023.1 (64-bit)
  **** SW Build 3865809 on Sun May  7 15:05:29 MDT 2023
  **** IP Build 3864474 on Sun May  7 20:36:21 MDT 2023
  **** SharedData Build 3865790 on Sun May 07 13:33:03 MDT 2023
    ** Copyright 1986-2022 Xilinx, Inc. All Rights Reserved.
    ** Copyright 2022-2023 Advanced Micro Devices, Inc. All Rights Reserved.

source Datapath.tcl -notrace
create_project: Time (s): cpu = 00:00:15 ; elapsed = 00:00:18 . Memory (MB): peak = 475.812 ; gain = 165.066
Command: read_checkpoint -auto_incremental -incremental {C:/Labs/FINAL LAB/CMPEN331_FinalProjectEC/CMPEN331_FinalProjectEC.srcs/utils_1/imports/synth_1/Datapath.dcp}
INFO: [Vivado 12-5825] Read reference checkpoint from C:/Labs/FINAL LAB/CMPEN331_FinalProjectEC/CMPEN331_FinalProjectEC.srcs/utils_1/imports/synth_1/Datapath.dcp for incremental synthesis
INFO: [Vivado 12-7989] Please ensure there are no constraint changes
Command: synth_design -top Datapath -part xc7z010clg400-1
Starting synth_design
Attempting to get a license for feature 'Synthesis' and/or device 'xc7z010'
INFO: [Common 17-349] Got license for feature 'Synthesis' and/or device 'xc7z010'
INFO: [Designutils 20-5440] No compile time benefit to using incremental synthesis; A full resynthesis will be run
INFO: [Designutils 20-4379] Flow is switching to default flow due to incremental criteria not met. If you would like to alter this behaviour and have the flow terminate instead, please set the following parameter config_implementation {autoIncr.Synth.RejectBehavior Terminate}
INFO: [Synth 8-7079] Multithreading enabled for synth_design using a maximum of 2 processes.
INFO: [Synth 8-7078] Launching helper process for spawning children vivado processes
INFO: [Synth 8-7075] Helper process launched with PID 10848
---------------------------------------------------------------------------------
Starting Synthesize : Time (s): cpu = 00:00:13 ; elapsed = 00:00:16 . Memory (MB): peak = 921.301 ; gain = 412.250
---------------------------------------------------------------------------------
INFO: [Synth 8-6157] synthesizing module 'Datapath' [C:/Labs/FINAL LAB/CMPEN331_FinalProjectEC/CMPEN331_FinalProjectEC.srcs/sources_1/imports/CMPEN331_FinalProjectNoEC.srcs/sources_1/imports/CMPEN331_Lab5.srcs/sources_1/imports/CMPEN331_Lab4.srcs/sources_1/imports/new/Datapath.v:23]
INFO: [Synth 8-6157] synthesizing module 'ProgramCounter' [C:/Labs/FINAL LAB/CMPEN331_FinalProjectEC/CMPEN331_FinalProjectEC.srcs/sources_1/imports/CMPEN331_FinalProjectNoEC.srcs/sources_1/imports/CMPEN331_Lab5.srcs/sources_1/imports/CMPEN331_Lab4.srcs/sources_1/imports/new/ProgramCounter.v:24]
INFO: [Synth 8-6155] done synthesizing module 'ProgramCounter' (0#1) [C:/Labs/FINAL LAB/CMPEN331_FinalProjectEC/CMPEN331_FinalProjectEC.srcs/sources_1/imports/CMPEN331_FinalProjectNoEC.srcs/sources_1/imports/CMPEN331_Lab5.srcs/sources_1/imports/CMPEN331_Lab4.srcs/sources_1/imports/new/ProgramCounter.v:24]
INFO: [Synth 8-6157] synthesizing module 'pcAdder' [C:/Labs/FINAL LAB/CMPEN331_FinalProjectEC/CMPEN331_FinalProjectEC.srcs/sources_1/imports/CMPEN331_FinalProjectNoEC.srcs/sources_1/imports/CMPEN331_Lab5.srcs/sources_1/imports/CMPEN331_Lab4.srcs/sources_1/imports/new/pcAdder.v:23]
INFO: [Synth 8-6155] done synthesizing module 'pcAdder' (0#1) [C:/Labs/FINAL LAB/CMPEN331_FinalProjectEC/CMPEN331_FinalProjectEC.srcs/sources_1/imports/CMPEN331_FinalProjectNoEC.srcs/sources_1/imports/CMPEN331_Lab5.srcs/sources_1/imports/CMPEN331_Lab4.srcs/sources_1/imports/new/pcAdder.v:23]
INFO: [Synth 8-6157] synthesizing module 'IF_ProgramCounterMux' [C:/Labs/FINAL LAB/CMPEN331_FinalProjectEC/CMPEN331_FinalProjectEC.srcs/sources_1/new/IF_ProgramCounterMux.v:23]
INFO: [Synth 8-6155] done synthesizing module 'IF_ProgramCounterMux' (0#1) [C:/Labs/FINAL LAB/CMPEN331_FinalProjectEC/CMPEN331_FinalProjectEC.srcs/sources_1/new/IF_ProgramCounterMux.v:23]
INFO: [Synth 8-6157] synthesizing module 'InstructionMemory' [C:/Labs/FINAL LAB/CMPEN331_FinalProjectEC/CMPEN331_FinalProjectEC.srcs/sources_1/imports/CMPEN331_FinalProjectNoEC.srcs/sources_1/imports/CMPEN331_Lab5.srcs/sources_1/imports/CMPEN331_Lab4.srcs/sources_1/imports/new/InstructionMemory.v:22]
INFO: [Synth 8-6155] done synthesizing module 'InstructionMemory' (0#1) [C:/Labs/FINAL LAB/CMPEN331_FinalProjectEC/CMPEN331_FinalProjectEC.srcs/sources_1/imports/CMPEN331_FinalProjectNoEC.srcs/sources_1/imports/CMPEN331_Lab5.srcs/sources_1/imports/CMPEN331_Lab4.srcs/sources_1/imports/new/InstructionMemory.v:22]
INFO: [Synth 8-6157] synthesizing module 'IFIDpipelineReg' [C:/Labs/FINAL LAB/CMPEN331_FinalProjectEC/CMPEN331_FinalProjectEC.srcs/sources_1/imports/CMPEN331_FinalProjectNoEC.srcs/sources_1/imports/CMPEN331_Lab5.srcs/sources_1/imports/CMPEN331_Lab4.srcs/sources_1/imports/new/IFIDpipelineReg.v:23]
INFO: [Synth 8-6155] done synthesizing module 'IFIDpipelineReg' (0#1) [C:/Labs/FINAL LAB/CMPEN331_FinalProjectEC/CMPEN331_FinalProjectEC.srcs/sources_1/imports/CMPEN331_FinalProjectNoEC.srcs/sources_1/imports/CMPEN331_Lab5.srcs/sources_1/imports/CMPEN331_Lab4.srcs/sources_1/imports/new/IFIDpipelineReg.v:23]
INFO: [Synth 8-6157] synthesizing module 'ID_addrLS' [C:/Labs/FINAL LAB/SETHU_FINAL_PROJECT_WITH_EXTRA_CREDIT/SETHU_FINAL_PROJECT_WITH_EXTRA_CREDIT.srcs/sources_1/new/ID_addrLS.v:23]
INFO: [Synth 8-6155] done synthesizing module 'ID_addrLS' (0#1) [C:/Labs/FINAL LAB/SETHU_FINAL_PROJECT_WITH_EXTRA_CREDIT/SETHU_FINAL_PROJECT_WITH_EXTRA_CREDIT.srcs/sources_1/new/ID_addrLS.v:23]
INFO: [Synth 8-6157] synthesizing module 'ID_immLS' [C:/Labs/FINAL LAB/SETHU_FINAL_PROJECT_WITH_EXTRA_CREDIT/SETHU_FINAL_PROJECT_WITH_EXTRA_CREDIT.srcs/sources_1/new/ID_immLS.v:23]
INFO: [Synth 8-6155] done synthesizing module 'ID_immLS' (0#1) [C:/Labs/FINAL LAB/SETHU_FINAL_PROJECT_WITH_EXTRA_CREDIT/SETHU_FINAL_PROJECT_WITH_EXTRA_CREDIT.srcs/sources_1/new/ID_immLS.v:23]
INFO: [Synth 8-6157] synthesizing module 'ID_BranchProgramCounter' [C:/Labs/FINAL LAB/SETHU_FINAL_PROJECT_WITH_EXTRA_CREDIT/SETHU_FINAL_PROJECT_WITH_EXTRA_CREDIT.srcs/sources_1/new/ID_BranchProgramCounter.v:23]
INFO: [Synth 8-6155] done synthesizing module 'ID_BranchProgramCounter' (0#1) [C:/Labs/FINAL LAB/SETHU_FINAL_PROJECT_WITH_EXTRA_CREDIT/SETHU_FINAL_PROJECT_WITH_EXTRA_CREDIT.srcs/sources_1/new/ID_BranchProgramCounter.v:23]
INFO: [Synth 8-6157] synthesizing module 'RegisterFile' [C:/Labs/FINAL LAB/CMPEN331_FinalProjectEC/CMPEN331_FinalProjectEC.srcs/sources_1/imports/CMPEN331_FinalProjectNoEC.srcs/sources_1/imports/CMPEN331_Lab5.srcs/sources_1/imports/CMPEN331_Lab4.srcs/sources_1/imports/new/RegisterFile.v:23]
INFO: [Synth 8-6155] done synthesizing module 'RegisterFile' (0#1) [C:/Labs/FINAL LAB/CMPEN331_FinalProjectEC/CMPEN331_FinalProjectEC.srcs/sources_1/imports/CMPEN331_FinalProjectNoEC.srcs/sources_1/imports/CMPEN331_Lab5.srcs/sources_1/imports/CMPEN331_Lab4.srcs/sources_1/imports/new/RegisterFile.v:23]
INFO: [Synth 8-6157] synthesizing module 'Fwd_FwdMuxA' [C:/Labs/FINAL LAB/SETHU_FINAL_PROJECT_WITH_EXTRA_CREDIT/SETHU_FINAL_PROJECT_WITH_EXTRA_CREDIT.srcs/sources_1/imports/CMPEN331_FinalProjectNoEC.srcs/sources_1/new/Fwd_FwdMuxA.v:23]
INFO: [Synth 8-6155] done synthesizing module 'Fwd_FwdMuxA' (0#1) [C:/Labs/FINAL LAB/SETHU_FINAL_PROJECT_WITH_EXTRA_CREDIT/SETHU_FINAL_PROJECT_WITH_EXTRA_CREDIT.srcs/sources_1/imports/CMPEN331_FinalProjectNoEC.srcs/sources_1/new/Fwd_FwdMuxA.v:23]
INFO: [Synth 8-6157] synthesizing module 'Fwd_FwdMuxB' [C:/Labs/FINAL LAB/SETHU_FINAL_PROJECT_WITH_EXTRA_CREDIT/SETHU_FINAL_PROJECT_WITH_EXTRA_CREDIT.srcs/sources_1/imports/CMPEN331_FinalProjectNoEC.srcs/sources_1/new/Fwd_FwdMuxB.v:23]
INFO: [Synth 8-6155] done synthesizing module 'Fwd_FwdMuxB' (0#1) [C:/Labs/FINAL LAB/SETHU_FINAL_PROJECT_WITH_EXTRA_CREDIT/SETHU_FINAL_PROJECT_WITH_EXTRA_CREDIT.srcs/sources_1/imports/CMPEN331_FinalProjectNoEC.srcs/sources_1/new/Fwd_FwdMuxB.v:23]
INFO: [Synth 8-6157] synthesizing module 'ImmediateExtender' [C:/Labs/FINAL LAB/CMPEN331_FinalProjectEC/CMPEN331_FinalProjectEC.srcs/sources_1/imports/CMPEN331_FinalProjectNoEC.srcs/sources_1/imports/CMPEN331_Lab5.srcs/sources_1/imports/CMPEN331_Lab4.srcs/sources_1/imports/new/ImmediateExtender.v:23]
INFO: [Synth 8-6155] done synthesizing module 'ImmediateExtender' (0#1) [C:/Labs/FINAL LAB/CMPEN331_FinalProjectEC/CMPEN331_FinalProjectEC.srcs/sources_1/imports/CMPEN331_FinalProjectNoEC.srcs/sources_1/imports/CMPEN331_Lab5.srcs/sources_1/imports/CMPEN331_Lab4.srcs/sources_1/imports/new/ImmediateExtender.v:23]
INFO: [Synth 8-6157] synthesizing module 'RegrtMultiplexer' [C:/Labs/FINAL LAB/CMPEN331_FinalProjectEC/CMPEN331_FinalProjectEC.srcs/sources_1/imports/CMPEN331_FinalProjectNoEC.srcs/sources_1/imports/CMPEN331_Lab5.srcs/sources_1/imports/CMPEN331_Lab4.srcs/sources_1/imports/new/RegrtMultiplexer.v:23]
INFO: [Synth 8-6155] done synthesizing module 'RegrtMultiplexer' (0#1) [C:/Labs/FINAL LAB/CMPEN331_FinalProjectEC/CMPEN331_FinalProjectEC.srcs/sources_1/imports/CMPEN331_FinalProjectNoEC.srcs/sources_1/imports/CMPEN331_Lab5.srcs/sources_1/imports/CMPEN331_Lab4.srcs/sources_1/imports/new/RegrtMultiplexer.v:23]
INFO: [Synth 8-6157] synthesizing module 'ID_rsrtequCheck' [C:/Labs/FINAL LAB/SETHU_FINAL_PROJECT_WITH_EXTRA_CREDIT/SETHU_FINAL_PROJECT_WITH_EXTRA_CREDIT.srcs/sources_1/new/ID_rsrtequCheck.v:23]
INFO: [Synth 8-6155] done synthesizing module 'ID_rsrtequCheck' (0#1) [C:/Labs/FINAL LAB/SETHU_FINAL_PROJECT_WITH_EXTRA_CREDIT/SETHU_FINAL_PROJECT_WITH_EXTRA_CREDIT.srcs/sources_1/new/ID_rsrtequCheck.v:23]
INFO: [Synth 8-6157] synthesizing module 'ID_JumpPCconcatination' [C:/Labs/FINAL LAB/SETHU_FINAL_PROJECT_WITH_EXTRA_CREDIT/SETHU_FINAL_PROJECT_WITH_EXTRA_CREDIT.srcs/sources_1/new/ID_JumpPCconcatination.v:23]
INFO: [Synth 8-6155] done synthesizing module 'ID_JumpPCconcatination' (0#1) [C:/Labs/FINAL LAB/SETHU_FINAL_PROJECT_WITH_EXTRA_CREDIT/SETHU_FINAL_PROJECT_WITH_EXTRA_CREDIT.srcs/sources_1/new/ID_JumpPCconcatination.v:23]
INFO: [Synth 8-6157] synthesizing module 'ControlUnit' [C:/Labs/FINAL LAB/SETHU_FINAL_PROJECT_WITH_EXTRA_CREDIT/SETHU_FINAL_PROJECT_WITH_EXTRA_CREDIT.srcs/sources_1/imports/CMPEN331_FinalProjectNoEC.srcs/sources_1/imports/CMPEN331_Lab5.srcs/sources_1/imports/CMPEN331_Lab4.srcs/sources_1/imports/new/ControlUnit.v:22]
INFO: [Synth 8-155] case statement is not full and has no default [C:/Labs/FINAL LAB/SETHU_FINAL_PROJECT_WITH_EXTRA_CREDIT/SETHU_FINAL_PROJECT_WITH_EXTRA_CREDIT.srcs/sources_1/imports/CMPEN331_FinalProjectNoEC.srcs/sources_1/imports/CMPEN331_Lab5.srcs/sources_1/imports/CMPEN331_Lab4.srcs/sources_1/imports/new/ControlUnit.v:61]
INFO: [Synth 8-155] case statement is not full and has no default [C:/Labs/FINAL LAB/SETHU_FINAL_PROJECT_WITH_EXTRA_CREDIT/SETHU_FINAL_PROJECT_WITH_EXTRA_CREDIT.srcs/sources_1/imports/CMPEN331_FinalProjectNoEC.srcs/sources_1/imports/CMPEN331_Lab5.srcs/sources_1/imports/CMPEN331_Lab4.srcs/sources_1/imports/new/ControlUnit.v:58]
INFO: [Synth 8-6155] done synthesizing module 'ControlUnit' (0#1) [C:/Labs/FINAL LAB/SETHU_FINAL_PROJECT_WITH_EXTRA_CREDIT/SETHU_FINAL_PROJECT_WITH_EXTRA_CREDIT.srcs/sources_1/imports/CMPEN331_FinalProjectNoEC.srcs/sources_1/imports/CMPEN331_Lab5.srcs/sources_1/imports/CMPEN331_Lab4.srcs/sources_1/imports/new/ControlUnit.v:22]
INFO: [Synth 8-6157] synthesizing module 'IDEXEpipeline' [C:/Labs/FINAL LAB/SETHU_FINAL_PROJECT_WITH_EXTRA_CREDIT/SETHU_FINAL_PROJECT_WITH_EXTRA_CREDIT.srcs/sources_1/imports/CMPEN331_FinalProjectNoEC.srcs/sources_1/imports/CMPEN331_Lab5.srcs/sources_1/imports/CMPEN331_Lab4.srcs/sources_1/imports/new/IDEXEpipeline.v:23]
INFO: [Synth 8-6155] done synthesizing module 'IDEXEpipeline' (0#1) [C:/Labs/FINAL LAB/SETHU_FINAL_PROJECT_WITH_EXTRA_CREDIT/SETHU_FINAL_PROJECT_WITH_EXTRA_CREDIT.srcs/sources_1/imports/CMPEN331_FinalProjectNoEC.srcs/sources_1/imports/CMPEN331_Lab5.srcs/sources_1/imports/CMPEN331_Lab4.srcs/sources_1/imports/new/IDEXEpipeline.v:23]
INFO: [Synth 8-6157] synthesizing module 'EXE_ProgramCounter' [C:/Labs/FINAL LAB/SETHU_FINAL_PROJECT_WITH_EXTRA_CREDIT/SETHU_FINAL_PROJECT_WITH_EXTRA_CREDIT.srcs/sources_1/new/EXE_ProgramCounter.v:23]
INFO: [Synth 8-6155] done synthesizing module 'EXE_ProgramCounter' (0#1) [C:/Labs/FINAL LAB/SETHU_FINAL_PROJECT_WITH_EXTRA_CREDIT/SETHU_FINAL_PROJECT_WITH_EXTRA_CREDIT.srcs/sources_1/new/EXE_ProgramCounter.v:23]
INFO: [Synth 8-6157] synthesizing module 'EXE_ALUMux2' [C:/Labs/FINAL LAB/SETHU_FINAL_PROJECT_WITH_EXTRA_CREDIT/SETHU_FINAL_PROJECT_WITH_EXTRA_CREDIT.srcs/sources_1/new/EXE_ALUMux2.v:23]
INFO: [Synth 8-6155] done synthesizing module 'EXE_ALUMux2' (0#1) [C:/Labs/FINAL LAB/SETHU_FINAL_PROJECT_WITH_EXTRA_CREDIT/SETHU_FINAL_PROJECT_WITH_EXTRA_CREDIT.srcs/sources_1/new/EXE_ALUMux2.v:23]
INFO: [Synth 8-6157] synthesizing module 'ALUMux' [C:/Labs/FINAL LAB/SETHU_FINAL_PROJECT_WITH_EXTRA_CREDIT/SETHU_FINAL_PROJECT_WITH_EXTRA_CREDIT.srcs/sources_1/imports/CMPEN331_FinalProjectNoEC.srcs/sources_1/imports/CMPEN331_Lab5.srcs/sources_1/imports/CMPEN331_Lab4.srcs/sources_1/new/ALUMux.v:23]
INFO: [Synth 8-6155] done synthesizing module 'ALUMux' (0#1) [C:/Labs/FINAL LAB/SETHU_FINAL_PROJECT_WITH_EXTRA_CREDIT/SETHU_FINAL_PROJECT_WITH_EXTRA_CREDIT.srcs/sources_1/imports/CMPEN331_FinalProjectNoEC.srcs/sources_1/imports/CMPEN331_Lab5.srcs/sources_1/imports/CMPEN331_Lab4.srcs/sources_1/new/ALUMux.v:23]
INFO: [Synth 8-6157] synthesizing module 'ALU' [C:/Labs/FINAL LAB/SETHU_FINAL_PROJECT_WITH_EXTRA_CREDIT/SETHU_FINAL_PROJECT_WITH_EXTRA_CREDIT.srcs/sources_1/imports/CMPEN331_FinalProjectNoEC.srcs/sources_1/imports/CMPEN331_Lab5.srcs/sources_1/imports/CMPEN331_Lab4.srcs/sources_1/new/ALU.v:23]
INFO: [Synth 8-155] case statement is not full and has no default [C:/Labs/FINAL LAB/SETHU_FINAL_PROJECT_WITH_EXTRA_CREDIT/SETHU_FINAL_PROJECT_WITH_EXTRA_CREDIT.srcs/sources_1/imports/CMPEN331_FinalProjectNoEC.srcs/sources_1/imports/CMPEN331_Lab5.srcs/sources_1/imports/CMPEN331_Lab4.srcs/sources_1/new/ALU.v:41]
INFO: [Synth 8-6155] done synthesizing module 'ALU' (0#1) [C:/Labs/FINAL LAB/SETHU_FINAL_PROJECT_WITH_EXTRA_CREDIT/SETHU_FINAL_PROJECT_WITH_EXTRA_CREDIT.srcs/sources_1/imports/CMPEN331_FinalProjectNoEC.srcs/sources_1/imports/CMPEN331_Lab5.srcs/sources_1/imports/CMPEN331_Lab4.srcs/sources_1/new/ALU.v:23]
INFO: [Synth 8-6157] synthesizing module 'EXE_ALUoutMux' [C:/Labs/FINAL LAB/SETHU_FINAL_PROJECT_WITH_EXTRA_CREDIT/SETHU_FINAL_PROJECT_WITH_EXTRA_CREDIT.srcs/sources_1/new/EXE_ALUoutMux.v:23]
INFO: [Synth 8-6155] done synthesizing module 'EXE_ALUoutMux' (0#1) [C:/Labs/FINAL LAB/SETHU_FINAL_PROJECT_WITH_EXTRA_CREDIT/SETHU_FINAL_PROJECT_WITH_EXTRA_CREDIT.srcs/sources_1/new/EXE_ALUoutMux.v:23]
INFO: [Synth 8-6157] synthesizing module 'EXE_f' [C:/Labs/FINAL LAB/SETHU_FINAL_PROJECT_WITH_EXTRA_CREDIT/SETHU_FINAL_PROJECT_WITH_EXTRA_CREDIT.srcs/sources_1/new/EXE_f.v:23]
INFO: [Synth 8-6155] done synthesizing module 'EXE_f' (0#1) [C:/Labs/FINAL LAB/SETHU_FINAL_PROJECT_WITH_EXTRA_CREDIT/SETHU_FINAL_PROJECT_WITH_EXTRA_CREDIT.srcs/sources_1/new/EXE_f.v:23]
INFO: [Synth 8-6157] synthesizing module 'EXEMEMpipeline' [C:/Labs/FINAL LAB/SETHU_FINAL_PROJECT_WITH_EXTRA_CREDIT/SETHU_FINAL_PROJECT_WITH_EXTRA_CREDIT.srcs/sources_1/imports/CMPEN331_FinalProjectNoEC.srcs/sources_1/imports/CMPEN331_Lab5.srcs/sources_1/imports/CMPEN331_Lab4.srcs/sources_1/new/EXEMEMpipeline.v:23]
INFO: [Synth 8-6155] done synthesizing module 'EXEMEMpipeline' (0#1) [C:/Labs/FINAL LAB/SETHU_FINAL_PROJECT_WITH_EXTRA_CREDIT/SETHU_FINAL_PROJECT_WITH_EXTRA_CREDIT.srcs/sources_1/imports/CMPEN331_FinalProjectNoEC.srcs/sources_1/imports/CMPEN331_Lab5.srcs/sources_1/imports/CMPEN331_Lab4.srcs/sources_1/new/EXEMEMpipeline.v:23]
INFO: [Synth 8-6157] synthesizing module 'DataMemory' [C:/Labs/FINAL LAB/SETHU_FINAL_PROJECT_WITH_EXTRA_CREDIT/SETHU_FINAL_PROJECT_WITH_EXTRA_CREDIT.srcs/sources_1/imports/CMPEN331_FinalProjectNoEC.srcs/sources_1/imports/CMPEN331_Lab5.srcs/sources_1/imports/CMPEN331_Lab4.srcs/sources_1/new/DataMemory.v:22]
INFO: [Synth 8-6155] done synthesizing module 'DataMemory' (0#1) [C:/Labs/FINAL LAB/SETHU_FINAL_PROJECT_WITH_EXTRA_CREDIT/SETHU_FINAL_PROJECT_WITH_EXTRA_CREDIT.srcs/sources_1/imports/CMPEN331_FinalProjectNoEC.srcs/sources_1/imports/CMPEN331_Lab5.srcs/sources_1/imports/CMPEN331_Lab4.srcs/sources_1/new/DataMemory.v:22]
INFO: [Synth 8-6157] synthesizing module 'MEMWBpipeline' [C:/Labs/FINAL LAB/CMPEN331_FinalProjectEC/CMPEN331_FinalProjectEC.srcs/sources_1/imports/CMPEN331_FinalProjectNoEC.srcs/sources_1/imports/CMPEN331_Lab5.srcs/sources_1/imports/CMPEN331_Lab4.srcs/sources_1/new/MEMWBpipeline.v:23]
INFO: [Synth 8-6155] done synthesizing module 'MEMWBpipeline' (0#1) [C:/Labs/FINAL LAB/CMPEN331_FinalProjectEC/CMPEN331_FinalProjectEC.srcs/sources_1/imports/CMPEN331_FinalProjectNoEC.srcs/sources_1/imports/CMPEN331_Lab5.srcs/sources_1/imports/CMPEN331_Lab4.srcs/sources_1/new/MEMWBpipeline.v:23]
INFO: [Synth 8-6157] synthesizing module 'WbMux' [C:/Labs/FINAL LAB/CMPEN331_FinalProjectEC/CMPEN331_FinalProjectEC.srcs/sources_1/imports/CMPEN331_FinalProjectNoEC.srcs/sources_1/imports/CMPEN331_Lab5.srcs/sources_1/new/WbMux.v:23]
INFO: [Synth 8-6155] done synthesizing module 'WbMux' (0#1) [C:/Labs/FINAL LAB/CMPEN331_FinalProjectEC/CMPEN331_FinalProjectEC.srcs/sources_1/imports/CMPEN331_FinalProjectNoEC.srcs/sources_1/imports/CMPEN331_Lab5.srcs/sources_1/new/WbMux.v:23]
INFO: [Synth 8-6155] done synthesizing module 'Datapath' (0#1) [C:/Labs/FINAL LAB/CMPEN331_FinalProjectEC/CMPEN331_FinalProjectEC.srcs/sources_1/imports/CMPEN331_FinalProjectNoEC.srcs/sources_1/imports/CMPEN331_Lab5.srcs/sources_1/imports/CMPEN331_Lab4.srcs/sources_1/imports/new/Datapath.v:23]
WARNING: [Synth 8-3848] Net rom[35] in module/entity InstructionMemory does not have driver. [C:/Labs/FINAL LAB/CMPEN331_FinalProjectEC/CMPEN331_FinalProjectEC.srcs/sources_1/imports/CMPEN331_FinalProjectNoEC.srcs/sources_1/imports/CMPEN331_Lab5.srcs/sources_1/imports/CMPEN331_Lab4.srcs/sources_1/imports/new/InstructionMemory.v:26]
WARNING: [Synth 8-3848] Net rom[36] in module/entity InstructionMemory does not have driver. [C:/Labs/FINAL LAB/CMPEN331_FinalProjectEC/CMPEN331_FinalProjectEC.srcs/sources_1/imports/CMPEN331_FinalProjectNoEC.srcs/sources_1/imports/CMPEN331_Lab5.srcs/sources_1/imports/CMPEN331_Lab4.srcs/sources_1/imports/new/InstructionMemory.v:26]
WARNING: [Synth 8-3848] Net rom[37] in module/entity InstructionMemory does not have driver. [C:/Labs/FINAL LAB/CMPEN331_FinalProjectEC/CMPEN331_FinalProjectEC.srcs/sources_1/imports/CMPEN331_FinalProjectNoEC.srcs/sources_1/imports/CMPEN331_Lab5.srcs/sources_1/imports/CMPEN331_Lab4.srcs/sources_1/imports/new/InstructionMemory.v:26]
WARNING: [Synth 8-3848] Net rom[38] in module/entity InstructionMemory does not have driver. [C:/Labs/FINAL LAB/CMPEN331_FinalProjectEC/CMPEN331_FinalProjectEC.srcs/sources_1/imports/CMPEN331_FinalProjectNoEC.srcs/sources_1/imports/CMPEN331_Lab5.srcs/sources_1/imports/CMPEN331_Lab4.srcs/sources_1/imports/new/InstructionMemory.v:26]
WARNING: [Synth 8-3848] Net rom[39] in module/entity InstructionMemory does not have driver. [C:/Labs/FINAL LAB/CMPEN331_FinalProjectEC/CMPEN331_FinalProjectEC.srcs/sources_1/imports/CMPEN331_FinalProjectNoEC.srcs/sources_1/imports/CMPEN331_Lab5.srcs/sources_1/imports/CMPEN331_Lab4.srcs/sources_1/imports/new/InstructionMemory.v:26]
WARNING: [Synth 8-3848] Net rom[40] in module/entity InstructionMemory does not have driver. [C:/Labs/FINAL LAB/CMPEN331_FinalProjectEC/CMPEN331_FinalProjectEC.srcs/sources_1/imports/CMPEN331_FinalProjectNoEC.srcs/sources_1/imports/CMPEN331_Lab5.srcs/sources_1/imports/CMPEN331_Lab4.srcs/sources_1/imports/new/InstructionMemory.v:26]
WARNING: [Synth 8-3848] Net rom[41] in module/entity InstructionMemory does not have driver. [C:/Labs/FINAL LAB/CMPEN331_FinalProjectEC/CMPEN331_FinalProjectEC.srcs/sources_1/imports/CMPEN331_FinalProjectNoEC.srcs/sources_1/imports/CMPEN331_Lab5.srcs/sources_1/imports/CMPEN331_Lab4.srcs/sources_1/imports/new/InstructionMemory.v:26]
WARNING: [Synth 8-3848] Net rom[42] in module/entity InstructionMemory does not have driver. [C:/Labs/FINAL LAB/CMPEN331_FinalProjectEC/CMPEN331_FinalProjectEC.srcs/sources_1/imports/CMPEN331_FinalProjectNoEC.srcs/sources_1/imports/CMPEN331_Lab5.srcs/sources_1/imports/CMPEN331_Lab4.srcs/sources_1/imports/new/InstructionMemory.v:26]
WARNING: [Synth 8-3848] Net rom[43] in module/entity InstructionMemory does not have driver. [C:/Labs/FINAL LAB/CMPEN331_FinalProjectEC/CMPEN331_FinalProjectEC.srcs/sources_1/imports/CMPEN331_FinalProjectNoEC.srcs/sources_1/imports/CMPEN331_Lab5.srcs/sources_1/imports/CMPEN331_Lab4.srcs/sources_1/imports/new/InstructionMemory.v:26]
WARNING: [Synth 8-3848] Net rom[44] in module/entity InstructionMemory does not have driver. [C:/Labs/FINAL LAB/CMPEN331_FinalProjectEC/CMPEN331_FinalProjectEC.srcs/sources_1/imports/CMPEN331_FinalProjectNoEC.srcs/sources_1/imports/CMPEN331_Lab5.srcs/sources_1/imports/CMPEN331_Lab4.srcs/sources_1/imports/new/InstructionMemory.v:26]
WARNING: [Synth 8-3848] Net rom[45] in module/entity InstructionMemory does not have driver. [C:/Labs/FINAL LAB/CMPEN331_FinalProjectEC/CMPEN331_FinalProjectEC.srcs/sources_1/imports/CMPEN331_FinalProjectNoEC.srcs/sources_1/imports/CMPEN331_Lab5.srcs/sources_1/imports/CMPEN331_Lab4.srcs/sources_1/imports/new/InstructionMemory.v:26]
WARNING: [Synth 8-3848] Net rom[46] in module/entity InstructionMemory does not have driver. [C:/Labs/FINAL LAB/CMPEN331_FinalProjectEC/CMPEN331_FinalProjectEC.srcs/sources_1/imports/CMPEN331_FinalProjectNoEC.srcs/sources_1/imports/CMPEN331_Lab5.srcs/sources_1/imports/CMPEN331_Lab4.srcs/sources_1/imports/new/InstructionMemory.v:26]
WARNING: [Synth 8-3848] Net rom[47] in module/entity InstructionMemory does not have driver. [C:/Labs/FINAL LAB/CMPEN331_FinalProjectEC/CMPEN331_FinalProjectEC.srcs/sources_1/imports/CMPEN331_FinalProjectNoEC.srcs/sources_1/imports/CMPEN331_Lab5.srcs/sources_1/imports/CMPEN331_Lab4.srcs/sources_1/imports/new/InstructionMemory.v:26]
WARNING: [Synth 8-3848] Net rom[48] in module/entity InstructionMemory does not have driver. [C:/Labs/FINAL LAB/CMPEN331_FinalProjectEC/CMPEN331_FinalProjectEC.srcs/sources_1/imports/CMPEN331_FinalProjectNoEC.srcs/sources_1/imports/CMPEN331_Lab5.srcs/sources_1/imports/CMPEN331_Lab4.srcs/sources_1/imports/new/InstructionMemory.v:26]
WARNING: [Synth 8-3848] Net rom[49] in module/entity InstructionMemory does not have driver. [C:/Labs/FINAL LAB/CMPEN331_FinalProjectEC/CMPEN331_FinalProjectEC.srcs/sources_1/imports/CMPEN331_FinalProjectNoEC.srcs/sources_1/imports/CMPEN331_Lab5.srcs/sources_1/imports/CMPEN331_Lab4.srcs/sources_1/imports/new/InstructionMemory.v:26]
WARNING: [Synth 8-3848] Net rom[50] in module/entity InstructionMemory does not have driver. [C:/Labs/FINAL LAB/CMPEN331_FinalProjectEC/CMPEN331_FinalProjectEC.srcs/sources_1/imports/CMPEN331_FinalProjectNoEC.srcs/sources_1/imports/CMPEN331_Lab5.srcs/sources_1/imports/CMPEN331_Lab4.srcs/sources_1/imports/new/InstructionMemory.v:26]
WARNING: [Synth 8-3848] Net rom[51] in module/entity InstructionMemory does not have driver. [C:/Labs/FINAL LAB/CMPEN331_FinalProjectEC/CMPEN331_FinalProjectEC.srcs/sources_1/imports/CMPEN331_FinalProjectNoEC.srcs/sources_1/imports/CMPEN331_Lab5.srcs/sources_1/imports/CMPEN331_Lab4.srcs/sources_1/imports/new/InstructionMemory.v:26]
WARNING: [Synth 8-3848] Net rom[52] in module/entity InstructionMemory does not have driver. [C:/Labs/FINAL LAB/CMPEN331_FinalProjectEC/CMPEN331_FinalProjectEC.srcs/sources_1/imports/CMPEN331_FinalProjectNoEC.srcs/sources_1/imports/CMPEN331_Lab5.srcs/sources_1/imports/CMPEN331_Lab4.srcs/sources_1/imports/new/InstructionMemory.v:26]
WARNING: [Synth 8-3848] Net rom[53] in module/entity InstructionMemory does not have driver. [C:/Labs/FINAL LAB/CMPEN331_FinalProjectEC/CMPEN331_FinalProjectEC.srcs/sources_1/imports/CMPEN331_FinalProjectNoEC.srcs/sources_1/imports/CMPEN331_Lab5.srcs/sources_1/imports/CMPEN331_Lab4.srcs/sources_1/imports/new/InstructionMemory.v:26]
WARNING: [Synth 8-3848] Net rom[54] in module/entity InstructionMemory does not have driver. [C:/Labs/FINAL LAB/CMPEN331_FinalProjectEC/CMPEN331_FinalProjectEC.srcs/sources_1/imports/CMPEN331_FinalProjectNoEC.srcs/sources_1/imports/CMPEN331_Lab5.srcs/sources_1/imports/CMPEN331_Lab4.srcs/sources_1/imports/new/InstructionMemory.v:26]
WARNING: [Synth 8-3848] Net rom[55] in module/entity InstructionMemory does not have driver. [C:/Labs/FINAL LAB/CMPEN331_FinalProjectEC/CMPEN331_FinalProjectEC.srcs/sources_1/imports/CMPEN331_FinalProjectNoEC.srcs/sources_1/imports/CMPEN331_Lab5.srcs/sources_1/imports/CMPEN331_Lab4.srcs/sources_1/imports/new/InstructionMemory.v:26]
WARNING: [Synth 8-3848] Net rom[56] in module/entity InstructionMemory does not have driver. [C:/Labs/FINAL LAB/CMPEN331_FinalProjectEC/CMPEN331_FinalProjectEC.srcs/sources_1/imports/CMPEN331_FinalProjectNoEC.srcs/sources_1/imports/CMPEN331_Lab5.srcs/sources_1/imports/CMPEN331_Lab4.srcs/sources_1/imports/new/InstructionMemory.v:26]
WARNING: [Synth 8-3848] Net rom[57] in module/entity InstructionMemory does not have driver. [C:/Labs/FINAL LAB/CMPEN331_FinalProjectEC/CMPEN331_FinalProjectEC.srcs/sources_1/imports/CMPEN331_FinalProjectNoEC.srcs/sources_1/imports/CMPEN331_Lab5.srcs/sources_1/imports/CMPEN331_Lab4.srcs/sources_1/imports/new/InstructionMemory.v:26]
WARNING: [Synth 8-3848] Net rom[58] in module/entity InstructionMemory does not have driver. [C:/Labs/FINAL LAB/CMPEN331_FinalProjectEC/CMPEN331_FinalProjectEC.srcs/sources_1/imports/CMPEN331_FinalProjectNoEC.srcs/sources_1/imports/CMPEN331_Lab5.srcs/sources_1/imports/CMPEN331_Lab4.srcs/sources_1/imports/new/InstructionMemory.v:26]
WARNING: [Synth 8-3848] Net rom[59] in module/entity InstructionMemory does not have driver. [C:/Labs/FINAL LAB/CMPEN331_FinalProjectEC/CMPEN331_FinalProjectEC.srcs/sources_1/imports/CMPEN331_FinalProjectNoEC.srcs/sources_1/imports/CMPEN331_Lab5.srcs/sources_1/imports/CMPEN331_Lab4.srcs/sources_1/imports/new/InstructionMemory.v:26]
WARNING: [Synth 8-3848] Net rom[60] in module/entity InstructionMemory does not have driver. [C:/Labs/FINAL LAB/CMPEN331_FinalProjectEC/CMPEN331_FinalProjectEC.srcs/sources_1/imports/CMPEN331_FinalProjectNoEC.srcs/sources_1/imports/CMPEN331_Lab5.srcs/sources_1/imports/CMPEN331_Lab4.srcs/sources_1/imports/new/InstructionMemory.v:26]
WARNING: [Synth 8-3848] Net rom[61] in module/entity InstructionMemory does not have driver. [C:/Labs/FINAL LAB/CMPEN331_FinalProjectEC/CMPEN331_FinalProjectEC.srcs/sources_1/imports/CMPEN331_FinalProjectNoEC.srcs/sources_1/imports/CMPEN331_Lab5.srcs/sources_1/imports/CMPEN331_Lab4.srcs/sources_1/imports/new/InstructionMemory.v:26]
WARNING: [Synth 8-3848] Net rom[62] in module/entity InstructionMemory does not have driver. [C:/Labs/FINAL LAB/CMPEN331_FinalProjectEC/CMPEN331_FinalProjectEC.srcs/sources_1/imports/CMPEN331_FinalProjectNoEC.srcs/sources_1/imports/CMPEN331_Lab5.srcs/sources_1/imports/CMPEN331_Lab4.srcs/sources_1/imports/new/InstructionMemory.v:26]
WARNING: [Synth 8-3848] Net rom[63] in module/entity InstructionMemory does not have driver. [C:/Labs/FINAL LAB/CMPEN331_FinalProjectEC/CMPEN331_FinalProjectEC.srcs/sources_1/imports/CMPEN331_FinalProjectNoEC.srcs/sources_1/imports/CMPEN331_Lab5.srcs/sources_1/imports/CMPEN331_Lab4.srcs/sources_1/imports/new/InstructionMemory.v:26]
WARNING: [Synth 8-7129] Port malu[31] in module DataMemory is either unconnected or has no load
WARNING: [Synth 8-7129] Port malu[30] in module DataMemory is either unconnected or has no load
WARNING: [Synth 8-7129] Port malu[29] in module DataMemory is either unconnected or has no load
WARNING: [Synth 8-7129] Port malu[28] in module DataMemory is either unconnected or has no load
WARNING: [Synth 8-7129] Port malu[27] in module DataMemory is either unconnected or has no load
WARNING: [Synth 8-7129] Port malu[26] in module DataMemory is either unconnected or has no load
WARNING: [Synth 8-7129] Port malu[25] in module DataMemory is either unconnected or has no load
WARNING: [Synth 8-7129] Port malu[24] in module DataMemory is either unconnected or has no load
WARNING: [Synth 8-7129] Port malu[23] in module DataMemory is either unconnected or has no load
WARNING: [Synth 8-7129] Port malu[22] in module DataMemory is either unconnected or has no load
WARNING: [Synth 8-7129] Port malu[21] in module DataMemory is either unconnected or has no load
WARNING: [Synth 8-7129] Port malu[20] in module DataMemory is either unconnected or has no load
WARNING: [Synth 8-7129] Port malu[19] in module DataMemory is either unconnected or has no load
WARNING: [Synth 8-7129] Port malu[18] in module DataMemory is either unconnected or has no load
WARNING: [Synth 8-7129] Port malu[17] in module DataMemory is either unconnected or has no load
WARNING: [Synth 8-7129] Port malu[16] in module DataMemory is either unconnected or has no load
WARNING: [Synth 8-7129] Port malu[15] in module DataMemory is either unconnected or has no load
WARNING: [Synth 8-7129] Port malu[14] in module DataMemory is either unconnected or has no load
WARNING: [Synth 8-7129] Port malu[13] in module DataMemory is either unconnected or has no load
WARNING: [Synth 8-7129] Port malu[12] in module DataMemory is either unconnected or has no load
WARNING: [Synth 8-7129] Port malu[11] in module DataMemory is either unconnected or has no load
WARNING: [Synth 8-7129] Port malu[10] in module DataMemory is either unconnected or has no load
WARNING: [Synth 8-7129] Port malu[9] in module DataMemory is either unconnected or has no load
WARNING: [Synth 8-7129] Port malu[8] in module DataMemory is either unconnected or has no load
WARNING: [Synth 8-7129] Port malu[7] in module DataMemory is either unconnected or has no load
WARNING: [Synth 8-7129] Port malu[1] in module DataMemory is either unconnected or has no load
WARNING: [Synth 8-7129] Port malu[0] in module DataMemory is either unconnected or has no load
WARNING: [Synth 8-7129] Port dpc4[25] in module ID_JumpPCconcatination is either unconnected or has no load
WARNING: [Synth 8-7129] Port dpc4[24] in module ID_JumpPCconcatination is either unconnected or has no load
WARNING: [Synth 8-7129] Port dpc4[23] in module ID_JumpPCconcatination is either unconnected or has no load
WARNING: [Synth 8-7129] Port dpc4[22] in module ID_JumpPCconcatination is either unconnected or has no load
WARNING: [Synth 8-7129] Port dpc4[21] in module ID_JumpPCconcatination is either unconnected or has no load
WARNING: [Synth 8-7129] Port dpc4[20] in module ID_JumpPCconcatination is either unconnected or has no load
WARNING: [Synth 8-7129] Port dpc4[19] in module ID_JumpPCconcatination is either unconnected or has no load
WARNING: [Synth 8-7129] Port dpc4[18] in module ID_JumpPCconcatination is either unconnected or has no load
WARNING: [Synth 8-7129] Port dpc4[17] in module ID_JumpPCconcatination is either unconnected or has no load
WARNING: [Synth 8-7129] Port dpc4[16] in module ID_JumpPCconcatination is either unconnected or has no load
WARNING: [Synth 8-7129] Port dpc4[15] in module ID_JumpPCconcatination is either unconnected or has no load
WARNING: [Synth 8-7129] Port dpc4[14] in module ID_JumpPCconcatination is either unconnected or has no load
WARNING: [Synth 8-7129] Port dpc4[13] in module ID_JumpPCconcatination is either unconnected or has no load
WARNING: [Synth 8-7129] Port dpc4[12] in module ID_JumpPCconcatination is either unconnected or has no load
WARNING: [Synth 8-7129] Port dpc4[11] in module ID_JumpPCconcatination is either unconnected or has no load
WARNING: [Synth 8-7129] Port dpc4[10] in module ID_JumpPCconcatination is either unconnected or has no load
WARNING: [Synth 8-7129] Port dpc4[9] in module ID_JumpPCconcatination is either unconnected or has no load
WARNING: [Synth 8-7129] Port dpc4[8] in module ID_JumpPCconcatination is either unconnected or has no load
WARNING: [Synth 8-7129] Port dpc4[7] in module ID_JumpPCconcatination is either unconnected or has no load
WARNING: [Synth 8-7129] Port dpc4[6] in module ID_JumpPCconcatination is either unconnected or has no load
WARNING: [Synth 8-7129] Port dpc4[5] in module ID_JumpPCconcatination is either unconnected or has no load
WARNING: [Synth 8-7129] Port dpc4[4] in module ID_JumpPCconcatination is either unconnected or has no load
WARNING: [Synth 8-7129] Port dpc4[3] in module ID_JumpPCconcatination is either unconnected or has no load
WARNING: [Synth 8-7129] Port dpc4[2] in module ID_JumpPCconcatination is either unconnected or has no load
WARNING: [Synth 8-7129] Port dpc4[1] in module ID_JumpPCconcatination is either unconnected or has no load
WARNING: [Synth 8-7129] Port dpc4[0] in module ID_JumpPCconcatination is either unconnected or has no load
WARNING: [Synth 8-7129] Port clrn in module RegisterFile is either unconnected or has no load
WARNING: [Synth 8-7129] Port pc[31] in module InstructionMemory is either unconnected or has no load
WARNING: [Synth 8-7129] Port pc[30] in module InstructionMemory is either unconnected or has no load
WARNING: [Synth 8-7129] Port pc[29] in module InstructionMemory is either unconnected or has no load
WARNING: [Synth 8-7129] Port pc[28] in module InstructionMemory is either unconnected or has no load
WARNING: [Synth 8-7129] Port pc[27] in module InstructionMemory is either unconnected or has no load
WARNING: [Synth 8-7129] Port pc[26] in module InstructionMemory is either unconnected or has no load
WARNING: [Synth 8-7129] Port pc[25] in module InstructionMemory is either unconnected or has no load
WARNING: [Synth 8-7129] Port pc[24] in module InstructionMemory is either unconnected or has no load
WARNING: [Synth 8-7129] Port pc[23] in module InstructionMemory is either unconnected or has no load
WARNING: [Synth 8-7129] Port pc[22] in module InstructionMemory is either unconnected or has no load
WARNING: [Synth 8-7129] Port pc[21] in module InstructionMemory is either unconnected or has no load
WARNING: [Synth 8-7129] Port pc[20] in module InstructionMemory is either unconnected or has no load
WARNING: [Synth 8-7129] Port pc[19] in module InstructionMemory is either unconnected or has no load
WARNING: [Synth 8-7129] Port pc[18] in module InstructionMemory is either unconnected or has no load
WARNING: [Synth 8-7129] Port pc[17] in module InstructionMemory is either unconnected or has no load
WARNING: [Synth 8-7129] Port pc[16] in module InstructionMemory is either unconnected or has no load
WARNING: [Synth 8-7129] Port pc[15] in module InstructionMemory is either unconnected or has no load
WARNING: [Synth 8-7129] Port pc[14] in module InstructionMemory is either unconnected or has no load
WARNING: [Synth 8-7129] Port pc[13] in module InstructionMemory is either unconnected or has no load
WARNING: [Synth 8-7129] Port pc[12] in module InstructionMemory is either unconnected or has no load
WARNING: [Synth 8-7129] Port pc[11] in module InstructionMemory is either unconnected or has no load
WARNING: [Synth 8-7129] Port pc[10] in module InstructionMemory is either unconnected or has no load
WARNING: [Synth 8-7129] Port pc[9] in module InstructionMemory is either unconnected or has no load
WARNING: [Synth 8-7129] Port pc[8] in module InstructionMemory is either unconnected or has no load
WARNING: [Synth 8-7129] Port pc[1] in module InstructionMemory is either unconnected or has no load
WARNING: [Synth 8-7129] Port pc[0] in module InstructionMemory is either unconnected or has no load
---------------------------------------------------------------------------------
Finished Synthesize : Time (s): cpu = 00:00:16 ; elapsed = 00:00:20 . Memory (MB): peak = 1018.328 ; gain = 509.277
---------------------------------------------------------------------------------
---------------------------------------------------------------------------------
Finished Constraint Validation : Time (s): cpu = 00:00:17 ; elapsed = 00:00:21 . Memory (MB): peak = 1018.328 ; gain = 509.277
---------------------------------------------------------------------------------
---------------------------------------------------------------------------------
Start Loading Part and Timing Information
---------------------------------------------------------------------------------
Loading part: xc7z010clg400-1
---------------------------------------------------------------------------------
Finished Loading Part and Timing Information : Time (s): cpu = 00:00:17 ; elapsed = 00:00:21 . Memory (MB): peak = 1018.328 ; gain = 509.277
---------------------------------------------------------------------------------
INFO: [Device 21-403] Loading part xc7z010clg400-1
WARNING: [Synth 8-327] inferring latch for variable 'dimm32_reg' [C:/Labs/FINAL LAB/CMPEN331_FinalProjectEC/CMPEN331_FinalProjectEC.srcs/sources_1/imports/CMPEN331_FinalProjectNoEC.srcs/sources_1/imports/CMPEN331_Lab5.srcs/sources_1/imports/CMPEN331_Lab4.srcs/sources_1/imports/new/ImmediateExtender.v:32]
WARNING: [Synth 8-327] inferring latch for variable 'wreg_reg' [C:/Labs/FINAL LAB/SETHU_FINAL_PROJECT_WITH_EXTRA_CREDIT/SETHU_FINAL_PROJECT_WITH_EXTRA_CREDIT.srcs/sources_1/imports/CMPEN331_FinalProjectNoEC.srcs/sources_1/imports/CMPEN331_Lab5.srcs/sources_1/imports/CMPEN331_Lab4.srcs/sources_1/imports/new/ControlUnit.v:341]
WARNING: [Synth 8-327] inferring latch for variable 'wreg_reg' [C:/Labs/FINAL LAB/SETHU_FINAL_PROJECT_WITH_EXTRA_CREDIT/SETHU_FINAL_PROJECT_WITH_EXTRA_CREDIT.srcs/sources_1/imports/CMPEN331_FinalProjectNoEC.srcs/sources_1/imports/CMPEN331_Lab5.srcs/sources_1/imports/CMPEN331_Lab4.srcs/sources_1/imports/new/ControlUnit.v:64]
WARNING: [Synth 8-327] inferring latch for variable 'm2reg_reg' [C:/Labs/FINAL LAB/SETHU_FINAL_PROJECT_WITH_EXTRA_CREDIT/SETHU_FINAL_PROJECT_WITH_EXTRA_CREDIT.srcs/sources_1/imports/CMPEN331_FinalProjectNoEC.srcs/sources_1/imports/CMPEN331_Lab5.srcs/sources_1/imports/CMPEN331_Lab4.srcs/sources_1/imports/new/ControlUnit.v:65]
WARNING: [Synth 8-327] inferring latch for variable 'wmem_reg' [C:/Labs/FINAL LAB/SETHU_FINAL_PROJECT_WITH_EXTRA_CREDIT/SETHU_FINAL_PROJECT_WITH_EXTRA_CREDIT.srcs/sources_1/imports/CMPEN331_FinalProjectNoEC.srcs/sources_1/imports/CMPEN331_Lab5.srcs/sources_1/imports/CMPEN331_Lab4.srcs/sources_1/imports/new/ControlUnit.v:342]
WARNING: [Synth 8-327] inferring latch for variable 'wmem_reg' [C:/Labs/FINAL LAB/SETHU_FINAL_PROJECT_WITH_EXTRA_CREDIT/SETHU_FINAL_PROJECT_WITH_EXTRA_CREDIT.srcs/sources_1/imports/CMPEN331_FinalProjectNoEC.srcs/sources_1/imports/CMPEN331_Lab5.srcs/sources_1/imports/CMPEN331_Lab4.srcs/sources_1/imports/new/ControlUnit.v:66]
WARNING: [Synth 8-327] inferring latch for variable 'aluimm_reg' [C:/Labs/FINAL LAB/SETHU_FINAL_PROJECT_WITH_EXTRA_CREDIT/SETHU_FINAL_PROJECT_WITH_EXTRA_CREDIT.srcs/sources_1/imports/CMPEN331_FinalProjectNoEC.srcs/sources_1/imports/CMPEN331_Lab5.srcs/sources_1/imports/CMPEN331_Lab4.srcs/sources_1/imports/new/ControlUnit.v:67]
WARNING: [Synth 8-327] inferring latch for variable 'regrt_reg' [C:/Labs/FINAL LAB/SETHU_FINAL_PROJECT_WITH_EXTRA_CREDIT/SETHU_FINAL_PROJECT_WITH_EXTRA_CREDIT.srcs/sources_1/imports/CMPEN331_FinalProjectNoEC.srcs/sources_1/imports/CMPEN331_Lab5.srcs/sources_1/imports/CMPEN331_Lab4.srcs/sources_1/imports/new/ControlUnit.v:68]
WARNING: [Synth 8-327] inferring latch for variable 'aluc_reg' [C:/Labs/FINAL LAB/SETHU_FINAL_PROJECT_WITH_EXTRA_CREDIT/SETHU_FINAL_PROJECT_WITH_EXTRA_CREDIT.srcs/sources_1/imports/CMPEN331_FinalProjectNoEC.srcs/sources_1/imports/CMPEN331_Lab5.srcs/sources_1/imports/CMPEN331_Lab4.srcs/sources_1/imports/new/ControlUnit.v:63]
WARNING: [Synth 8-327] inferring latch for variable 'sext_reg' [C:/Labs/FINAL LAB/SETHU_FINAL_PROJECT_WITH_EXTRA_CREDIT/SETHU_FINAL_PROJECT_WITH_EXTRA_CREDIT.srcs/sources_1/imports/CMPEN331_FinalProjectNoEC.srcs/sources_1/imports/CMPEN331_Lab5.srcs/sources_1/imports/CMPEN331_Lab4.srcs/sources_1/imports/new/ControlUnit.v:69]
WARNING: [Synth 8-327] inferring latch for variable 'shift_reg' [C:/Labs/FINAL LAB/SETHU_FINAL_PROJECT_WITH_EXTRA_CREDIT/SETHU_FINAL_PROJECT_WITH_EXTRA_CREDIT.srcs/sources_1/imports/CMPEN331_FinalProjectNoEC.srcs/sources_1/imports/CMPEN331_Lab5.srcs/sources_1/imports/CMPEN331_Lab4.srcs/sources_1/imports/new/ControlUnit.v:71]
WARNING: [Synth 8-327] inferring latch for variable 'jal_reg' [C:/Labs/FINAL LAB/SETHU_FINAL_PROJECT_WITH_EXTRA_CREDIT/SETHU_FINAL_PROJECT_WITH_EXTRA_CREDIT.srcs/sources_1/imports/CMPEN331_FinalProjectNoEC.srcs/sources_1/imports/CMPEN331_Lab5.srcs/sources_1/imports/CMPEN331_Lab4.srcs/sources_1/imports/new/ControlUnit.v:70]
WARNING: [Synth 8-327] inferring latch for variable 'pcsrc_reg' [C:/Labs/FINAL LAB/SETHU_FINAL_PROJECT_WITH_EXTRA_CREDIT/SETHU_FINAL_PROJECT_WITH_EXTRA_CREDIT.srcs/sources_1/imports/CMPEN331_FinalProjectNoEC.srcs/sources_1/imports/CMPEN331_Lab5.srcs/sources_1/imports/CMPEN331_Lab4.srcs/sources_1/imports/new/ControlUnit.v:72]
WARNING: [Synth 8-327] inferring latch for variable 'r_reg' [C:/Labs/FINAL LAB/SETHU_FINAL_PROJECT_WITH_EXTRA_CREDIT/SETHU_FINAL_PROJECT_WITH_EXTRA_CREDIT.srcs/sources_1/imports/CMPEN331_FinalProjectNoEC.srcs/sources_1/imports/CMPEN331_Lab5.srcs/sources_1/imports/CMPEN331_Lab4.srcs/sources_1/new/ALU.v:42]
---------------------------------------------------------------------------------
Finished RTL Optimization Phase 2 : Time (s): cpu = 00:00:19 ; elapsed = 00:00:22 . Memory (MB): peak = 1018.328 ; gain = 509.277
---------------------------------------------------------------------------------
No constraint files found.
---------------------------------------------------------------------------------
Start RTL Component Statistics 
---------------------------------------------------------------------------------
Detailed RTL Component Info : 
+---Adders : 
	   2 Input   32 Bit       Adders := 3     
	   3 Input   32 Bit       Adders := 1     
+---XORs : 
	   2 Input     32 Bit         XORs := 1     
+---Registers : 
	               32 Bit    Registers := 11    
	                5 Bit    Registers := 3     
	                4 Bit    Registers := 1     
	                1 Bit    Registers := 11    
+---Muxes : 
	   4 Input   32 Bit        Muxes := 3     
	   2 Input   32 Bit        Muxes := 5     
	  11 Input   32 Bit        Muxes := 1     
	   2 Input    5 Bit        Muxes := 2     
	   2 Input    2 Bit        Muxes := 4     
	  10 Input    1 Bit        Muxes := 5     
	  13 Input    1 Bit        Muxes := 15    
	  11 Input    1 Bit        Muxes := 1     
---------------------------------------------------------------------------------
Finished RTL Component Statistics 
---------------------------------------------------------------------------------
---------------------------------------------------------------------------------
Start Part Resource Summary
---------------------------------------------------------------------------------
Part Resources:
DSPs: 80 (col length:40)
BRAMs: 120 (col length: RAMB18 40 RAMB36 20)
---------------------------------------------------------------------------------
Finished Part Resource Summary
---------------------------------------------------------------------------------
No constraint files found.
---------------------------------------------------------------------------------
Start Cross Boundary and Area Optimization
---------------------------------------------------------------------------------
WARNING: [Synth 8-7080] Parallel synthesis criteria is not met
WARNING: [Synth 8-7129] Port pc[31] in module InstructionMemory is either unconnected or has no load
WARNING: [Synth 8-7129] Port pc[30] in module InstructionMemory is either unconnected or has no load
WARNING: [Synth 8-7129] Port pc[29] in module InstructionMemory is either unconnected or has no load
WARNING: [Synth 8-7129] Port pc[28] in module InstructionMemory is either unconnected or has no load
WARNING: [Synth 8-7129] Port pc[27] in module InstructionMemory is either unconnected or has no load
WARNING: [Synth 8-7129] Port pc[26] in module InstructionMemory is either unconnected or has no load
WARNING: [Synth 8-7129] Port pc[25] in module InstructionMemory is either unconnected or has no load
WARNING: [Synth 8-7129] Port pc[24] in module InstructionMemory is either unconnected or has no load
WARNING: [Synth 8-7129] Port pc[23] in module InstructionMemory is either unconnected or has no load
WARNING: [Synth 8-7129] Port pc[22] in module InstructionMemory is either unconnected or has no load
WARNING: [Synth 8-7129] Port pc[21] in module InstructionMemory is either unconnected or has no load
WARNING: [Synth 8-7129] Port pc[20] in module InstructionMemory is either unconnected or has no load
WARNING: [Synth 8-7129] Port pc[19] in module InstructionMemory is either unconnected or has no load
WARNING: [Synth 8-7129] Port pc[18] in module InstructionMemory is either unconnected or has no load
WARNING: [Synth 8-7129] Port pc[17] in module InstructionMemory is either unconnected or has no load
WARNING: [Synth 8-7129] Port pc[16] in module InstructionMemory is either unconnected or has no load
WARNING: [Synth 8-7129] Port pc[15] in module InstructionMemory is either unconnected or has no load
WARNING: [Synth 8-7129] Port pc[14] in module InstructionMemory is either unconnected or has no load
WARNING: [Synth 8-7129] Port pc[13] in module InstructionMemory is either unconnected or has no load
WARNING: [Synth 8-7129] Port pc[12] in module InstructionMemory is either unconnected or has no load
INFO: [Common 17-14] Message 'Synth 8-7129' appears 100 times and further instances of the messages will be disabled. Use the Tcl command set_msg_config to change the current settings.
WARNING: [Synth 8-3332] Sequential element (ID_IE/dimm32_reg[31]) is unused and will be removed from module Datapath.
WARNING: [Synth 8-3332] Sequential element (ID_IE/dimm32_reg[15]) is unused and will be removed from module Datapath.
WARNING: [Synth 8-3332] Sequential element (ID_IE/dimm32_reg[14]) is unused and will be removed from module Datapath.
WARNING: [Synth 8-3332] Sequential element (ID_IE/dimm32_reg[13]) is unused and will be removed from module Datapath.
WARNING: [Synth 8-3332] Sequential element (ID_IE/dimm32_reg[12]) is unused and will be removed from module Datapath.
WARNING: [Synth 8-3332] Sequential element (ID_IE/dimm32_reg[11]) is unused and will be removed from module Datapath.
WARNING: [Synth 8-3332] Sequential element (ID_IE/dimm32_reg[10]) is unused and will be removed from module Datapath.
WARNING: [Synth 8-3332] Sequential element (ID_IE/dimm32_reg[9]) is unused and will be removed from module Datapath.
WARNING: [Synth 8-3332] Sequential element (ID_IE/dimm32_reg[8]) is unused and will be removed from module Datapath.
WARNING: [Synth 8-3332] Sequential element (ID_IE/dimm32_reg[7]) is unused and will be removed from module Datapath.
WARNING: [Synth 8-3332] Sequential element (ID_IE/dimm32_reg[6]) is unused and will be removed from module Datapath.
WARNING: [Synth 8-3332] Sequential element (ID_IE/dimm32_reg[5]) is unused and will be removed from module Datapath.
WARNING: [Synth 8-3332] Sequential element (ID_IE/dimm32_reg[4]) is unused and will be removed from module Datapath.
WARNING: [Synth 8-3332] Sequential element (ID_IE/dimm32_reg[3]) is unused and will be removed from module Datapath.
WARNING: [Synth 8-3332] Sequential element (ID_IE/dimm32_reg[2]) is unused and will be removed from module Datapath.
WARNING: [Synth 8-3332] Sequential element (ID_IE/dimm32_reg[1]) is unused and will be removed from module Datapath.
WARNING: [Synth 8-3332] Sequential element (ID_IE/dimm32_reg[0]) is unused and will be removed from module Datapath.
WARNING: [Synth 8-3332] Sequential element (ID_RegFile/qb0) is unused and will be removed from module Datapath.
---------------------------------------------------------------------------------
Finished Cross Boundary and Area Optimization : Time (s): cpu = 00:00:51 ; elapsed = 00:01:03 . Memory (MB): peak = 1275.812 ; gain = 766.762
---------------------------------------------------------------------------------
---------------------------------------------------------------------------------
Start ROM, RAM, DSP, Shift Register and Retiming Reporting
---------------------------------------------------------------------------------

Distributed RAM: Preliminary Mapping Report (see note below)
+------------+-------------------------+-----------+----------------------+----------------+
|Module Name | RTL Object              | Inference | Size (Depth x Width) | Primitives     | 
+------------+-------------------------+-----------+----------------------+----------------+
|Datapath    | ID_RegFile/register_reg | Implied   | 32 x 32              | RAM32M x 12    | 
|Datapath    | MEM_DataMemory/ram_reg  | Implied   | 32 x 32              | RAM32X1S x 32  | 
+------------+-------------------------+-----------+----------------------+----------------+

Note: The table above is a preliminary report that shows the Distributed RAMs at the current stage of the synthesis flow. Some Distributed RAMs may be reimplemented as non Distributed RAM primitives later in the synthesis flow. Multiple instantiated RAMs are reported only once.
---------------------------------------------------------------------------------
Finished ROM, RAM, DSP, Shift Register and Retiming Reporting
---------------------------------------------------------------------------------
No constraint files found.
---------------------------------------------------------------------------------
Start Timing Optimization
---------------------------------------------------------------------------------
---------------------------------------------------------------------------------
Finished Timing Optimization : Time (s): cpu = 00:00:52 ; elapsed = 00:01:03 . Memory (MB): peak = 1284.684 ; gain = 775.633
---------------------------------------------------------------------------------
---------------------------------------------------------------------------------
Start ROM, RAM, DSP, Shift Register and Retiming Reporting
---------------------------------------------------------------------------------

Distributed RAM: Final Mapping Report
+------------+-------------------------+-----------+----------------------+----------------+
|Module Name | RTL Object              | Inference | Size (Depth x Width) | Primitives     | 
+------------+-------------------------+-----------+----------------------+----------------+
|Datapath    | ID_RegFile/register_reg | Implied   | 32 x 32              | RAM32M x 12    | 
|Datapath    | MEM_DataMemory/ram_reg  | Implied   | 32 x 32              | RAM32X1S x 32  | 
+------------+-------------------------+-----------+----------------------+----------------+

---------------------------------------------------------------------------------
Finished ROM, RAM, DSP, Shift Register and Retiming Reporting
---------------------------------------------------------------------------------
---------------------------------------------------------------------------------
Start Technology Mapping
---------------------------------------------------------------------------------
---------------------------------------------------------------------------------
Finished Technology Mapping : Time (s): cpu = 00:00:53 ; elapsed = 00:01:05 . Memory (MB): peak = 1293.918 ; gain = 784.867
---------------------------------------------------------------------------------
---------------------------------------------------------------------------------
Start IO Insertion
---------------------------------------------------------------------------------
---------------------------------------------------------------------------------
Start Flattening Before IO Insertion
---------------------------------------------------------------------------------
---------------------------------------------------------------------------------
Finished Flattening Before IO Insertion
---------------------------------------------------------------------------------
---------------------------------------------------------------------------------
Start Final Netlist Cleanup
---------------------------------------------------------------------------------
---------------------------------------------------------------------------------
Finished Final Netlist Cleanup
---------------------------------------------------------------------------------
---------------------------------------------------------------------------------
Finished IO Insertion : Time (s): cpu = 00:01:05 ; elapsed = 00:01:17 . Memory (MB): peak = 1293.918 ; gain = 784.867
---------------------------------------------------------------------------------
---------------------------------------------------------------------------------
Start Renaming Generated Instances
---------------------------------------------------------------------------------
---------------------------------------------------------------------------------
Finished Renaming Generated Instances : Time (s): cpu = 00:01:05 ; elapsed = 00:01:17 . Memory (MB): peak = 1293.918 ; gain = 784.867
---------------------------------------------------------------------------------
CRITICAL WARNING: [Synth 8-6859] multi-driven net on pin wreg with 1st driver pin 'ID_ControlUnit/wreg_reg/Q' [C:/Labs/FINAL LAB/SETHU_FINAL_PROJECT_WITH_EXTRA_CREDIT/SETHU_FINAL_PROJECT_WITH_EXTRA_CREDIT.srcs/sources_1/imports/CMPEN331_FinalProjectNoEC.srcs/sources_1/imports/CMPEN331_Lab5.srcs/sources_1/imports/CMPEN331_Lab4.srcs/sources_1/imports/new/ControlUnit.v:341]
CRITICAL WARNING: [Synth 8-6859] multi-driven net on pin wreg with 2nd driver pin 'ID_ControlUnit/wreg_reg__0/Q' [C:/Labs/FINAL LAB/SETHU_FINAL_PROJECT_WITH_EXTRA_CREDIT/SETHU_FINAL_PROJECT_WITH_EXTRA_CREDIT.srcs/sources_1/imports/CMPEN331_FinalProjectNoEC.srcs/sources_1/imports/CMPEN331_Lab5.srcs/sources_1/imports/CMPEN331_Lab4.srcs/sources_1/imports/new/ControlUnit.v:64]
CRITICAL WARNING: [Synth 8-6859] multi-driven net on pin wmem with 1st driver pin 'ID_ControlUnit/wmem_reg/Q' [C:/Labs/FINAL LAB/SETHU_FINAL_PROJECT_WITH_EXTRA_CREDIT/SETHU_FINAL_PROJECT_WITH_EXTRA_CREDIT.srcs/sources_1/imports/CMPEN331_FinalProjectNoEC.srcs/sources_1/imports/CMPEN331_Lab5.srcs/sources_1/imports/CMPEN331_Lab4.srcs/sources_1/imports/new/ControlUnit.v:342]
CRITICAL WARNING: [Synth 8-6859] multi-driven net on pin wmem with 2nd driver pin 'ID_ControlUnit/wmem_reg__0/Q' [C:/Labs/FINAL LAB/SETHU_FINAL_PROJECT_WITH_EXTRA_CREDIT/SETHU_FINAL_PROJECT_WITH_EXTRA_CREDIT.srcs/sources_1/imports/CMPEN331_FinalProjectNoEC.srcs/sources_1/imports/CMPEN331_Lab5.srcs/sources_1/imports/CMPEN331_Lab4.srcs/sources_1/imports/new/ControlUnit.v:66]

Report Check Netlist: 
+------+------------------+-------+---------+-------+------------------+
|      |Item              |Errors |Warnings |Status |Description       |
+------+------------------+-------+---------+-------+------------------+
|1     |multi_driven_nets |      0|        2|Failed |Multi driven nets |
+------+------------------+-------+---------+-------+------------------+
---------------------------------------------------------------------------------
Start Rebuilding User Hierarchy
---------------------------------------------------------------------------------
---------------------------------------------------------------------------------
Finished Rebuilding User Hierarchy : Time (s): cpu = 00:01:05 ; elapsed = 00:01:17 . Memory (MB): peak = 1293.918 ; gain = 784.867
---------------------------------------------------------------------------------
---------------------------------------------------------------------------------
Start Renaming Generated Ports
---------------------------------------------------------------------------------
---------------------------------------------------------------------------------
Finished Renaming Generated Ports : Time (s): cpu = 00:01:05 ; elapsed = 00:01:17 . Memory (MB): peak = 1293.918 ; gain = 784.867
---------------------------------------------------------------------------------
---------------------------------------------------------------------------------
Start Handling Custom Attributes
---------------------------------------------------------------------------------
---------------------------------------------------------------------------------
Finished Handling Custom Attributes : Time (s): cpu = 00:01:05 ; elapsed = 00:01:18 . Memory (MB): peak = 1293.918 ; gain = 784.867
---------------------------------------------------------------------------------
---------------------------------------------------------------------------------
Start Renaming Generated Nets
---------------------------------------------------------------------------------
---------------------------------------------------------------------------------
Finished Renaming Generated Nets : Time (s): cpu = 00:01:05 ; elapsed = 00:01:18 . Memory (MB): peak = 1293.918 ; gain = 784.867
---------------------------------------------------------------------------------
---------------------------------------------------------------------------------
Start Writing Synthesis Report
---------------------------------------------------------------------------------

Report BlackBoxes: 
+-+--------------+----------+
| |BlackBox name |Instances |
+-+--------------+----------+
+-+--------------+----------+

Report Cell Usage: 
+------+---------+------+
|      |Cell     |Count |
+------+---------+------+
|1     |BUFG     |     2|
|2     |CARRY4   |    35|
|3     |LUT1     |     3|
|4     |LUT2     |    54|
|5     |LUT3     |   117|
|6     |LUT4     |    16|
|7     |LUT5     |    82|
|8     |LUT6     |   535|
|9     |RAM32M   |    10|
|10    |RAM32X1D |     4|
|11    |RAM32X1S |    32|
|12    |FDRE     |   358|
|13    |FDSE     |     5|
|14    |LD       |    48|
|15    |IBUF     |     1|
|16    |OBUF     |   160|
+------+---------+------+

Report Instance Areas: 
+------+---------------------+------------------------+------+
|      |Instance             |Module                  |Cells |
+------+---------------------+------------------------+------+
|1     |top                  |                        |  1462|
|2     |  EXEMEMpipeline     |EXEMEMpipeline          |    77|
|3     |  EXE_ALU            |ALU                     |    40|
|4     |  EXE_ProgramCounter |EXE_ProgramCounter      |    36|
|5     |  IDEXEpipeline      |IDEXEpipeline           |   756|
|6     |  ID_BPC             |ID_BranchProgramCounter |    16|
|7     |  ID_ControlUnit     |ControlUnit             |    20|
|8     |  ID_RegFile         |RegisterFile            |    14|
|9     |  ID_rsrtequCheck    |ID_rsrtequCheck         |     3|
|10    |  IFIDpipeline       |IFIDpipelineReg         |   131|
|11    |  IF_ProgramCounter  |ProgramCounter          |    70|
|12    |  MEMWBpipeline      |MEMWBpipeline           |    71|
|13    |  MEM_DataMemory     |DataMemory              |    32|
|14    |  WB_wbMux           |WbMux                   |    32|
+------+---------------------+------------------------+------+
---------------------------------------------------------------------------------
Finished Writing Synthesis Report : Time (s): cpu = 00:01:05 ; elapsed = 00:01:18 . Memory (MB): peak = 1293.918 ; gain = 784.867
---------------------------------------------------------------------------------
Synthesis finished with 0 errors, 4 critical warnings and 169 warnings.
Synthesis Optimization Runtime : Time (s): cpu = 00:01:05 ; elapsed = 00:01:18 . Memory (MB): peak = 1293.918 ; gain = 784.867
Synthesis Optimization Complete : Time (s): cpu = 00:01:05 ; elapsed = 00:01:18 . Memory (MB): peak = 1293.918 ; gain = 784.867
INFO: [Project 1-571] Translating synthesized netlist
Netlist sorting complete. Time (s): cpu = 00:00:00 ; elapsed = 00:00:00.050 . Memory (MB): peak = 1296.723 ; gain = 0.000
INFO: [Netlist 29-17] Analyzing 129 Unisim elements for replacement
INFO: [Netlist 29-28] Unisim Transformation completed in 0 CPU seconds
INFO: [Project 1-570] Preparing netlist for logic optimization
INFO: [Opt 31-138] Pushed 1 inverter(s) to 14 load pin(s).
Netlist sorting complete. Time (s): cpu = 00:00:00 ; elapsed = 00:00:00.002 . Memory (MB): peak = 1329.473 ; gain = 0.000
INFO: [Project 1-111] Unisim Transformation Summary:
  A total of 94 instances were transformed.
  LD => LDCE: 48 instances
  RAM32M => RAM32M (inverted pins: WCLK) (RAMD32(x6), RAMS32(x2)): 10 instances
  RAM32X1D => RAM32X1D (inverted pins: WCLK) (RAMD32(x2)): 4 instances
  RAM32X1S => RAM32X1S (RAMS32): 32 instances

Synth Design complete | Checksum: 7ce2eb5a
INFO: [Common 17-83] Releasing license: Synthesis
76 Infos, 162 Warnings, 4 Critical Warnings and 0 Errors encountered.
synth_design completed successfully
synth_design: Time (s): cpu = 00:01:13 ; elapsed = 00:01:28 . Memory (MB): peak = 1329.473 ; gain = 828.797
INFO: [runtcl-6] Synthesis results are not added to the cache due to CRITICAL_WARNING
INFO: [Common 17-1381] The checkpoint 'C:/Labs/FINAL LAB/SETHU_FINAL_PROJECT_WITH_EXTRA_CREDIT/SETHU_FINAL_PROJECT_WITH_EXTRA_CREDIT.runs/synth_1/Datapath.dcp' has been generated.
INFO: [runtcl-4] Executing : report_utilization -file Datapath_utilization_synth.rpt -pb Datapath_utilization_synth.pb
INFO: [Common 17-206] Exiting Vivado at Tue Apr 30 16:04:18 2024...
