#-----------------------------------------------------------
# Vivado v2023.1 (64-bit)
# SW Build 3865809 on Sun May  7 15:05:29 MDT 2023
# IP Build 3864474 on Sun May  7 20:36:21 MDT 2023
# SharedData Build 3865790 on Sun May 07 13:33:03 MDT 2023
# Start of session at: Sun Mar 17 23:11:52 2024
# Process ID: 11060
# Current directory: C:/Labs/Lab_3_Sethu_Senthil
# Command line: vivado.exe -gui_launcher_event rodinguilauncherevent1028 C:\Labs\Lab_3_Sethu_Senthil\Lab_3_Sethu_Senthil.xpr
# Log file: C:/Labs/Lab_3_Sethu_Senthil/vivado.log
# Journal file: C:/Labs/Lab_3_Sethu_Senthil\vivado.jou
# Running On: SETHUSENTHI9FEC, OS: Windows, CPU Frequency: 3200 MHz, CPU Physical cores: 4, Host memory: 6436 MB
#-----------------------------------------------------------
start_gui
open_project C:/Labs/Lab_3_Sethu_Senthil/Lab_3_Sethu_Senthil.xpr
WARNING: [Board 49-26] cannot add Board Part xilinx.com:kc705:part0:1.6 available at C:/Xilinx/Vivado/2023.1/data/xhub/boards/XilinxBoardStore/boards/Xilinx/kc705/1.6/board.xml as part xc7k325tffg900-2 specified in board_part file is either invalid or not available
WARNING: [Board 49-26] cannot add Board Part xilinx.com:kcu105:part0:1.6 available at C:/Xilinx/Vivado/2023.1/data/xhub/boards/XilinxBoardStore/boards/Xilinx/kcu105/1.6/board.xml as part xcku040-ffva1156-2-e specified in board_part file is either invalid or not available
WARNING: [Board 49-26] cannot add Board Part xilinx.com:kcu105:part0:1.7 available at C:/Xilinx/Vivado/2023.1/data/xhub/boards/XilinxBoardStore/boards/Xilinx/kcu105/1.7/board.xml as part xcku040-ffva1156-2-e specified in board_part file is either invalid or not available
WARNING: [Board 49-26] cannot add Board Part xilinx.com:kcu1500:part0:1.2 available at C:/Xilinx/Vivado/2023.1/data/xhub/boards/XilinxBoardStore/boards/Xilinx/kcu1500/1.2/board.xml as part xcku115-flvb2104-2-e specified in board_part file is either invalid or not available
WARNING: [Board 49-26] cannot add Board Part xilinx.com:vc707:part0:1.4 available at C:/Xilinx/Vivado/2023.1/data/xhub/boards/XilinxBoardStore/boards/Xilinx/vc707/1.4/board.xml as part xc7vx485tffg1761-2 specified in board_part file is either invalid or not available
WARNING: [Board 49-26] cannot add Board Part xilinx.com:vc709:part0:1.8 available at C:/Xilinx/Vivado/2023.1/data/xhub/boards/XilinxBoardStore/boards/Xilinx/vc709/1.8/board.xml as part xc7vx690tffg1761-2 specified in board_part file is either invalid or not available
WARNING: [Board 49-26] cannot add Board Part xilinx.com:vck190:part0:2.2 available at C:/Xilinx/Vivado/2023.1/data/xhub/boards/XilinxBoardStore/boards/Xilinx/vck190/production/2.2/board.xml as part xcvc1902-vsva2197-2mp-e-s specified in board_part file is either invalid or not available
WARNING: [Board 49-26] cannot add Board Part xilinx.com:vck190:part0:3.0 available at C:/Xilinx/Vivado/2023.1/data/xhub/boards/XilinxBoardStore/boards/Xilinx/vck190/production/3.0/board.xml as part xcvc1902-vsva2197-2mp-e-s specified in board_part file is either invalid or not available
WARNING: [Board 49-26] cannot add Board Part xilinx.com:vck190:part0:3.1 available at C:/Xilinx/Vivado/2023.1/data/xhub/boards/XilinxBoardStore/boards/Xilinx/vck190/production/3.1/board.xml as part xcvc1902-vsva2197-2mp-e-s specified in board_part file is either invalid or not available
WARNING: [Board 49-26] cannot add Board Part xilinx.com:vck190:part0:3.2 available at C:/Xilinx/Vivado/2023.1/data/xhub/boards/XilinxBoardStore/boards/Xilinx/vck190/production/3.2/board.xml as part xcvc1902-vsva2197-2mp-e-s specified in board_part file is either invalid or not available
WARNING: [Board 49-26] cannot add Board Part xilinx.com:vck190_newl:part0:1.0 available at C:/Xilinx/Vivado/2023.1/data/xhub/boards/XilinxBoardStore/boards/Xilinx/vck190_newl/production/1.0/board.xml as part xcvc1902-vsva2197-2mp-e-s specified in board_part file is either invalid or not available
WARNING: [Board 49-26] cannot add Board Part xilinx.com:vck190_newl:part0:1.1 available at C:/Xilinx/Vivado/2023.1/data/xhub/boards/XilinxBoardStore/boards/Xilinx/vck190_newl/production/1.1/board.xml as part xcvc1902-vsva2197-2mp-e-s specified in board_part file is either invalid or not available
WARNING: [Board 49-26] cannot add Board Part xilinx.com:vcu108:part0:1.6 available at C:/Xilinx/Vivado/2023.1/data/xhub/boards/XilinxBoardStore/boards/Xilinx/vcu108/1.6/board.xml as part xcvu095-ffva2104-2-e specified in board_part file is either invalid or not available
WARNING: [Board 49-26] cannot add Board Part xilinx.com:vcu108:part0:1.7 available at C:/Xilinx/Vivado/2023.1/data/xhub/boards/XilinxBoardStore/boards/Xilinx/vcu108/1.7/board.xml as part xcvu095-ffva2104-2-e specified in board_part file is either invalid or not available
WARNING: [Board 49-26] cannot add Board Part xilinx.com:vcu110:part0:1.4 available at C:/Xilinx/Vivado/2023.1/data/xhub/boards/XilinxBoardStore/boards/Xilinx/vcu110/1.4/board.xml as part xcvu190-flgc2104-2-e specified in board_part file is either invalid or not available
WARNING: [Board 49-26] cannot add Board Part xilinx.com:vcu118:part0:2.0 available at C:/Xilinx/Vivado/2023.1/data/xhub/boards/XilinxBoardStore/boards/Xilinx/vcu118/2.0/board.xml as part xcvu9p-flga2104-2l-e specified in board_part file is either invalid or not available
WARNING: [Board 49-26] cannot add Board Part xilinx.com:vcu118:part0:2.3 available at C:/Xilinx/Vivado/2023.1/data/xhub/boards/XilinxBoardStore/boards/Xilinx/vcu118/2.3/board.xml as part xcvu9p-flga2104-2l-e specified in board_part file is either invalid or not available
WARNING: [Board 49-26] cannot add Board Part xilinx.com:vcu118:part0:2.4 available at C:/Xilinx/Vivado/2023.1/data/xhub/boards/XilinxBoardStore/boards/Xilinx/vcu118/2.4/board.xml as part xcvu9p-flga2104-2l-e specified in board_part file is either invalid or not available
WARNING: [Board 49-26] cannot add Board Part xilinx.com:vcu129:part0:1.0 available at C:/Xilinx/Vivado/2023.1/data/xhub/boards/XilinxBoardStore/boards/Xilinx/vcu129/production/1.0/board.xml as part xcvu29p-fsga2577-2l-e specified in board_part file is either invalid or not available
WARNING: [Board 49-26] cannot add Board Part xilinx.com:vcu1525:part0:1.3 available at C:/Xilinx/Vivado/2023.1/data/xhub/boards/XilinxBoardStore/boards/Xilinx/vcu1525/1.3/board.xml as part xcvu9p-fsgd2104-2l-e specified in board_part file is either invalid or not available
WARNING: [Board 49-26] cannot add Board Part xilinx.com:vek280_es:part0:1.0 available at C:/Xilinx/Vivado/2023.1/data/xhub/boards/XilinxBoardStore/boards/Xilinx/vek280/es/rev_a/1.0/board.xml as part xcve2802-vsvh1760-2lp-e-s-es1 specified in board_part file is either invalid or not available
WARNING: [Board 49-26] cannot add Board Part xilinx.com:vek280_es:part0:1.1 available at C:/Xilinx/Vivado/2023.1/data/xhub/boards/XilinxBoardStore/boards/Xilinx/vek280/es/rev_a/1.1/board.xml as part xcve2802-vsvh1760-2lp-e-s-es1 specified in board_part file is either invalid or not available
WARNING: [Board 49-26] cannot add Board Part xilinx.com:vek280_es_revb:part0:1.0 available at C:/Xilinx/Vivado/2023.1/data/xhub/boards/XilinxBoardStore/boards/Xilinx/vek280/es/rev_b/1.0/board.xml as part xcve2802-vsvh1760-2mp-e-s-es1 specified in board_part file is either invalid or not available
WARNING: [Board 49-26] cannot add Board Part xilinx.com:vek280_es_revb:part0:1.1 available at C:/Xilinx/Vivado/2023.1/data/xhub/boards/XilinxBoardStore/boards/Xilinx/vek280/es/rev_b/1.1/board.xml as part xcve2802-vsvh1760-2mp-e-s-es1 specified in board_part file is either invalid or not available
WARNING: [Board 49-26] cannot add Board Part xilinx.com:vermeo_t1_mpsoc:part0:1.0 available at C:/Xilinx/Vivado/2023.1/data/xhub/boards/XilinxBoardStore/boards/Xilinx/vermeo_t1_mpsoc/1.0/board.xml as part xczu19eg-ffvd1760-2l-e specified in board_part file is either invalid or not available
WARNING: [Board 49-26] cannot add Board Part xilinx.com:vermeo_t1_rfsoc:part0:1.0 available at C:/Xilinx/Vivado/2023.1/data/xhub/boards/XilinxBoardStore/boards/Xilinx/vermeo_t1_rfsoc/1.0/board.xml as part xczu21dr-ffvd1156-2l-e specified in board_part file is either invalid or not available
WARNING: [Board 49-26] cannot add Board Part xilinx.com:vhk158:part0:1.0 available at C:/Xilinx/Vivado/2023.1/data/xhub/boards/XilinxBoardStore/boards/Xilinx/vhk158/production/1.0/board.xml as part xcvh1582-vsva3697-2mp-e-s specified in board_part file is either invalid or not available
WARNING: [Board 49-26] cannot add Board Part xilinx.com:vhk158_es:part0:1.0 available at C:/Xilinx/Vivado/2023.1/data/xhub/boards/XilinxBoardStore/boards/Xilinx/vhk158/es/1.0/board.xml as part xcvh1582-vsva3697-2mp-e-s-es1 specified in board_part file is either invalid or not available
WARNING: [Board 49-26] cannot add Board Part xilinx.com:vhk158_es:part0:1.1 available at C:/Xilinx/Vivado/2023.1/data/xhub/boards/XilinxBoardStore/boards/Xilinx/vhk158/es/1.1/board.xml as part xcvh1582-vsva3697-2mp-e-s-es1 specified in board_part file is either invalid or not available
WARNING: [Board 49-26] cannot add Board Part xilinx.com:vmk180:part0:2.2 available at C:/Xilinx/Vivado/2023.1/data/xhub/boards/XilinxBoardStore/boards/Xilinx/vmk180/production/2.2/board.xml as part xcvm1802-vsva2197-2mp-e-s specified in board_part file is either invalid or not available
WARNING: [Board 49-26] cannot add Board Part xilinx.com:vmk180:part0:3.0 available at C:/Xilinx/Vivado/2023.1/data/xhub/boards/XilinxBoardStore/boards/Xilinx/vmk180/production/3.0/board.xml as part xcvm1802-vsva2197-2mp-e-s specified in board_part file is either invalid or not available
WARNING: [Board 49-26] cannot add Board Part xilinx.com:vmk180:part0:3.1 available at C:/Xilinx/Vivado/2023.1/data/xhub/boards/XilinxBoardStore/boards/Xilinx/vmk180/production/3.1/board.xml as part xcvm1802-vsva2197-2mp-e-s specified in board_part file is either invalid or not available
WARNING: [Board 49-26] cannot add Board Part xilinx.com:vmk180:part0:3.2 available at C:/Xilinx/Vivado/2023.1/data/xhub/boards/XilinxBoardStore/boards/Xilinx/vmk180/production/3.2/board.xml as part xcvm1802-vsva2197-2mp-e-s specified in board_part file is either invalid or not available
WARNING: [Board 49-26] cannot add Board Part xilinx.com:vmk180_newl:part0:1.0 available at C:/Xilinx/Vivado/2023.1/data/xhub/boards/XilinxBoardStore/boards/Xilinx/vmk180_newl/production/1.0/board.xml as part xcvm1802-vsva2197-2mp-e-s specified in board_part file is either invalid or not available
WARNING: [Board 49-26] cannot add Board Part xilinx.com:vmk180_newl:part0:1.1 available at C:/Xilinx/Vivado/2023.1/data/xhub/boards/XilinxBoardStore/boards/Xilinx/vmk180_newl/production/1.1/board.xml as part xcvm1802-vsva2197-2mp-e-s specified in board_part file is either invalid or not available
WARNING: [Board 49-26] cannot add Board Part xilinx.com:vpk120:part0:1.0 available at C:/Xilinx/Vivado/2023.1/data/xhub/boards/XilinxBoardStore/boards/Xilinx/vpk120/production/1.0/board.xml as part xcvp1202-vsva2785-2mp-e-s specified in board_part file is either invalid or not available
WARNING: [Board 49-26] cannot add Board Part xilinx.com:vpk120:part0:1.1 available at C:/Xilinx/Vivado/2023.1/data/xhub/boards/XilinxBoardStore/boards/Xilinx/vpk120/production/1.1/board.xml as part xcvp1202-vsva2785-2mp-e-s specified in board_part file is either invalid or not available
WARNING: [Board 49-26] cannot add Board Part xilinx.com:vpk120_es:part0:1.2 available at C:/Xilinx/Vivado/2023.1/data/xhub/boards/XilinxBoardStore/boards/Xilinx/vpk120/es/1.2/board.xml as part xcvp1202-vsva2785-2mp-e-s-es1 specified in board_part file is either invalid or not available
WARNING: [Board 49-26] cannot add Board Part xilinx.com:vpk120_es:part0:1.3 available at C:/Xilinx/Vivado/2023.1/data/xhub/boards/XilinxBoardStore/boards/Xilinx/vpk120/es/1.3/board.xml as part xcvp1202-vsva2785-2mp-e-s-es1 specified in board_part file is either invalid or not available
WARNING: [Board 49-26] cannot add Board Part xilinx.com:vpk120_es_revb:part0:1.0 available at C:/Xilinx/Vivado/2023.1/data/xhub/boards/XilinxBoardStore/boards/Xilinx/vpk120_revb/es/1.0/board.xml as part xcvp1202-vsva2785-2mp-e-s-es1 specified in board_part file is either invalid or not available
WARNING: [Board 49-26] cannot add Board Part xilinx.com:vpk120_es_revb:part0:1.1 available at C:/Xilinx/Vivado/2023.1/data/xhub/boards/XilinxBoardStore/boards/Xilinx/vpk120_revb/es/1.1/board.xml as part xcvp1202-vsva2785-2mp-e-s-es1 specified in board_part file is either invalid or not available
WARNING: [Board 49-26] cannot add Board Part xilinx.com:vpk180:part0:1.0 available at C:/Xilinx/Vivado/2023.1/data/xhub/boards/XilinxBoardStore/boards/Xilinx/vpk180/production/1.0/board.xml as part xcvp1802-lsvc4072-2mp-e-s specified in board_part file is either invalid or not available
WARNING: [Board 49-26] cannot add Board Part xilinx.com:vpk180:part0:1.1 available at C:/Xilinx/Vivado/2023.1/data/xhub/boards/XilinxBoardStore/boards/Xilinx/vpk180/production/1.1/board.xml as part xcvp1802-lsvc4072-2mp-e-s specified in board_part file is either invalid or not available
WARNING: [Board 49-26] cannot add Board Part xilinx.com:vpk180_es:part0:1.0 available at C:/Xilinx/Vivado/2023.1/data/xhub/boards/XilinxBoardStore/boards/Xilinx/vpk180/es/1.0/board.xml as part xcvp1802-lsvc4072-2mp-e-s-es1 specified in board_part file is either invalid or not available
WARNING: [Board 49-26] cannot add Board Part xilinx.com:vpk180_es:part0:1.1 available at C:/Xilinx/Vivado/2023.1/data/xhub/boards/XilinxBoardStore/boards/Xilinx/vpk180/es/1.1/board.xml as part xcvp1802-lsvc4072-2mp-e-s-es1 specified in board_part file is either invalid or not available
WARNING: [Board 49-26] cannot add Board Part xilinx.com:zc706:part0:1.4 available at C:/Xilinx/Vivado/2023.1/data/xhub/boards/XilinxBoardStore/boards/Xilinx/zc706/1.4/board.xml as part xc7z045ffg900-2 specified in board_part file is either invalid or not available
WARNING: [Board 49-26] cannot add Board Part xilinx.com:zcu102:part0:3.3 available at C:/Xilinx/Vivado/2023.1/data/xhub/boards/XilinxBoardStore/boards/Xilinx/zcu102/3.3/board.xml as part xczu9eg-ffvb1156-2-e specified in board_part file is either invalid or not available
WARNING: [Board 49-26] cannot add Board Part xilinx.com:zcu102:part0:3.4 available at C:/Xilinx/Vivado/2023.1/data/xhub/boards/XilinxBoardStore/boards/Xilinx/zcu102/3.4/board.xml as part xczu9eg-ffvb1156-2-e specified in board_part file is either invalid or not available
WARNING: [Board 49-26] cannot add Board Part xilinx.com:zcu111:part0:1.2 available at C:/Xilinx/Vivado/2023.1/data/xhub/boards/XilinxBoardStore/boards/Xilinx/zcu111/1.2/board.xml as part xczu28dr-ffvg1517-2-e specified in board_part file is either invalid or not available
WARNING: [Board 49-26] cannot add Board Part xilinx.com:zcu111:part0:1.3 available at C:/Xilinx/Vivado/2023.1/data/xhub/boards/XilinxBoardStore/boards/Xilinx/zcu111/1.3/board.xml as part xczu28dr-ffvg1517-2-e specified in board_part file is either invalid or not available
WARNING: [Board 49-26] cannot add Board Part xilinx.com:zcu111:part0:1.4 available at C:/Xilinx/Vivado/2023.1/data/xhub/boards/XilinxBoardStore/boards/Xilinx/zcu111/1.4/board.xml as part xczu28dr-ffvg1517-2-e specified in board_part file is either invalid or not available
WARNING: [Board 49-26] cannot add Board Part xilinx.com:zcu1275:part0:1.0 available at C:/Xilinx/Vivado/2023.1/data/xhub/boards/XilinxBoardStore/boards/Xilinx/zcu1275/1.0/board.xml as part xczu29dr-ffvf1760-2-e specified in board_part file is either invalid or not available
WARNING: [Board 49-26] cannot add Board Part xilinx.com:zcu1285:part0:1.0 available at C:/Xilinx/Vivado/2023.1/data/xhub/boards/XilinxBoardStore/boards/Xilinx/zcu1285/1.0/board.xml as part xczu39dr-ffvf1760-2-i specified in board_part file is either invalid or not available
WARNING: [Board 49-26] cannot add Board Part xilinx.com:zcu208:part0:2.0 available at C:/Xilinx/Vivado/2023.1/data/xhub/boards/XilinxBoardStore/boards/Xilinx/zcu208/production/2.0/board.xml as part xczu48dr-fsvg1517-2-e specified in board_part file is either invalid or not available
WARNING: [Board 49-26] cannot add Board Part xilinx.com:zcu208ld:part0:2.0 available at C:/Xilinx/Vivado/2023.1/data/xhub/boards/XilinxBoardStore/boards/Xilinx/zcu208ld/production/2.0/board.xml as part xczu58dr-fsvg1517-2-i specified in board_part file is either invalid or not available
WARNING: [Board 49-26] cannot add Board Part xilinx.com:zcu216:part0:2.0 available at C:/Xilinx/Vivado/2023.1/data/xhub/boards/XilinxBoardStore/boards/Xilinx/zcu216/production/2.0/board.xml as part xczu49dr-ffvf1760-2-e specified in board_part file is either invalid or not available
WARNING: [Board 49-26] cannot add Board Part xilinx.com:zcu216ld:part0:2.0 available at C:/Xilinx/Vivado/2023.1/data/xhub/boards/XilinxBoardStore/boards/Xilinx/zcu216ld/production/2.0/board.xml as part xczu59dr-ffvf1760-2-i specified in board_part file is either invalid or not available
WARNING: [Board 49-26] cannot add Board Part xilinx.com:zcu670:part0:2.0 available at C:/Xilinx/Vivado/2023.1/data/xhub/boards/XilinxBoardStore/boards/Xilinx/zcu670/2.0/board.xml as part xczu67dr-fsve1156-2-i specified in board_part file is either invalid or not available
WARNING: [Board 49-26] cannot add Board Part xilinx.com:zcu670ld:part0:1.0 available at C:/Xilinx/Vivado/2023.1/data/xhub/boards/XilinxBoardStore/boards/Xilinx/zcu670ld/1.0/board.xml as part xczu57dr-fsve1156-2-i specified in board_part file is either invalid or not available
INFO: [filemgmt 56-3] Default IP Output Path : Could not find the directory 'C:/Labs/Lab_3_Sethu_Senthil/Lab_3_Sethu_Senthil.gen/sources_1'.
Scanning sources...
Finished scanning sources
INFO: [IP_Flow 19-234] Refreshing IP repositories
INFO: [IP_Flow 19-1704] No user IP repositories specified
INFO: [IP_Flow 19-2313] Loaded Vivado IP repository 'C:/Xilinx/Vivado/2023.1/data/ip'.
open_project: Time (s): cpu = 00:00:57 ; elapsed = 00:00:30 . Memory (MB): peak = 1514.621 ; gain = 358.230
update_compile_order -fileset sim_1
update_compile_order -fileset sources_1
update_compile_order -fileset sources_1
add_files -norecurse {C:/Labs/Lab_3_Sethu_Senthil/Lab_3_Sethu_Senthil.srcs/sources_1/new/ProgramCounter.v C:/Labs/Lab_3_Sethu_Senthil/Lab_3_Sethu_Senthil.srcs/sources_1/new/pcAdder.v}
update_compile_order -fileset sim_1
update_compile_order -fileset sources_1
reset_run synth_1
INFO: [Project 1-1161] Replacing file C:/Labs/Lab_3_Sethu_Senthil/Lab_3_Sethu_Senthil.srcs/utils_1/imports/synth_1/Datapath.dcp with file C:/Labs/Lab_3_Sethu_Senthil/Lab_3_Sethu_Senthil.runs/synth_1/CustomDatapath.dcp
launch_runs synth_1 -jobs 2
[Sun Mar 17 23:17:18 2024] Launched synth_1...
Run output will be captured here: C:/Labs/Lab_3_Sethu_Senthil/Lab_3_Sethu_Senthil.runs/synth_1/runme.log
launch_simulation
Command: launch_simulation 
INFO: [Vivado 12-12493] Simulation top is 'TestBench'
WARNING: [Vivado 12-13340] Unable to auto find GCC executables from simulator install path! (path not set)
INFO: [Vivado 12-5682] Launching behavioral simulation in 'C:/Labs/Lab_3_Sethu_Senthil/Lab_3_Sethu_Senthil.sim/sim_1/behav/xsim'
INFO: [SIM-utils-51] Simulation object is 'sim_1'
INFO: [SIM-utils-72] Using boost library from 'C:/Xilinx/Vivado/2023.1/tps/boost_1_72_0'
INFO: [SIM-utils-54] Inspecting design source files for 'TestBench' in fileset 'sim_1'...
INFO: [USF-XSim-97] Finding global include files...
INFO: [USF-XSim-98] Fetching design files from 'sim_1'...
INFO: [USF-XSim-2] XSim::Compile design
INFO: [USF-XSim-61] Executing 'COMPILE and ANALYZE' step in 'C:/Labs/Lab_3_Sethu_Senthil/Lab_3_Sethu_Senthil.sim/sim_1/behav/xsim'
"xvlog --incr --relax -prj TestBench_vlog.prj"
ECHO is off.
ECHO is off.
INFO: [VRFC 10-2263] Analyzing Verilog file "C:/Labs/Lab_3_Sethu_Senthil/Lab_3_Sethu_Senthil.srcs/sources_1/new/ControlUnit.v" into library xil_defaultlib
INFO: [VRFC 10-311] analyzing module ControlUnit
INFO: [VRFC 10-2263] Analyzing Verilog file "C:/Labs/Lab_3_Sethu_Senthil/Lab_3_Sethu_Senthil.srcs/sources_1/new/Datapath.v" into library xil_defaultlib
INFO: [VRFC 10-311] analyzing module Datapath
INFO: [VRFC 10-2263] Analyzing Verilog file "C:/Labs/Lab_3_Sethu_Senthil/Lab_3_Sethu_Senthil.srcs/sources_1/new/IDEXEpipeline.v" into library xil_defaultlib
INFO: [VRFC 10-311] analyzing module IDEXEpipeline
INFO: [VRFC 10-2263] Analyzing Verilog file "C:/Labs/Lab_3_Sethu_Senthil/Lab_3_Sethu_Senthil.srcs/sources_1/new/IFIDpipelineReg.v" into library xil_defaultlib
INFO: [VRFC 10-311] analyzing module IFIDpipelineReg
INFO: [VRFC 10-2263] Analyzing Verilog file "C:/Labs/Lab_3_Sethu_Senthil/Lab_3_Sethu_Senthil.srcs/sources_1/new/ImmediateExtender.v" into library xil_defaultlib
INFO: [VRFC 10-311] analyzing module ImmediateExtender
INFO: [VRFC 10-2263] Analyzing Verilog file "C:/Labs/Lab_3_Sethu_Senthil/Lab_3_Sethu_Senthil.srcs/sources_1/new/InstructionMemory.v" into library xil_defaultlib
INFO: [VRFC 10-311] analyzing module InstructionMemory
INFO: [VRFC 10-2263] Analyzing Verilog file "C:/Labs/Lab_3_Sethu_Senthil/Lab_3_Sethu_Senthil.srcs/sources_1/new/ProgramCounter.v" into library xil_defaultlib
INFO: [VRFC 10-311] analyzing module ProgramCounter
INFO: [VRFC 10-2263] Analyzing Verilog file "C:/Labs/Lab_3_Sethu_Senthil/Lab_3_Sethu_Senthil.srcs/sources_1/new/RegisterFile.v" into library xil_defaultlib
INFO: [VRFC 10-311] analyzing module RegisterFile
INFO: [VRFC 10-2263] Analyzing Verilog file "C:/Labs/Lab_3_Sethu_Senthil/Lab_3_Sethu_Senthil.srcs/sources_1/new/RegrtMultiplexer.v" into library xil_defaultlib
INFO: [VRFC 10-311] analyzing module RegrtMultiplexer
INFO: [VRFC 10-2263] Analyzing Verilog file "C:/Labs/Lab_3_Sethu_Senthil/Lab_3_Sethu_Senthil.srcs/sources_1/new/pcAdder.v" into library xil_defaultlib
INFO: [VRFC 10-311] analyzing module pcAdder
INFO: [VRFC 10-2263] Analyzing Verilog file "C:/Labs/Lab_3_Sethu_Senthil/Lab_3_Sethu_Senthil.srcs/sim_1/new/TestBench.v" into library xil_defaultlib
INFO: [VRFC 10-311] analyzing module TestBench
INFO: [USF-XSim-69] 'compile' step finished in '5' seconds
INFO: [USF-XSim-3] XSim::Elaborate design
INFO: [USF-XSim-61] Executing 'ELABORATE' step in 'C:/Labs/Lab_3_Sethu_Senthil/Lab_3_Sethu_Senthil.sim/sim_1/behav/xsim'
"xelab --incr --debug typical --relax --mt 2 -L xil_defaultlib -L unisims_ver -L unimacro_ver -L secureip --snapshot TestBench_behav xil_defaultlib.TestBench xil_defaultlib.glbl -log elaborate.log"
ECHO is off.
ECHO is off.
Vivado Simulator v2023.1
Copyright 1986-2022 Xilinx, Inc. All Rights Reserved.
Copyright 2022-2023 Advanced Micro Devices, Inc. All Rights Reserved.
Running: C:/Xilinx/Vivado/2023.1/bin/unwrapped/win64.o/xelab.exe --incr --debug typical --relax --mt 2 -L xil_defaultlib -L unisims_ver -L unimacro_ver -L secureip --snapshot TestBench_behav xil_defaultlib.TestBench xil_defaultlib.glbl -log elaborate.log 
Using 2 slave threads.
Starting static elaboration
Pass Through NonSizing Optimizer
Completed static elaboration
Starting simulation data flow analysis
Completed simulation data flow analysis
Time Resolution for simulation is 1ps
Compiling module xil_defaultlib.ProgramCounter
Compiling module xil_defaultlib.pcAdder
Compiling module xil_defaultlib.InstructionMemory
Compiling module xil_defaultlib.IFIDpipelineReg
Compiling module xil_defaultlib.ControlUnit
Compiling module xil_defaultlib.RegrtMultiplexer
Compiling module xil_defaultlib.RegisterFile
Compiling module xil_defaultlib.ImmediateExtender
Compiling module xil_defaultlib.IDEXEpipeline
Compiling module xil_defaultlib.Datapath
Compiling module xil_defaultlib.TestBench
Compiling module xil_defaultlib.glbl
Built simulation snapshot TestBench_behav
run_program: Time (s): cpu = 00:00:01 ; elapsed = 00:00:06 . Memory (MB): peak = 1553.199 ; gain = 0.000
INFO: [USF-XSim-69] 'elaborate' step finished in '6' seconds
INFO: [USF-XSim-4] XSim::Simulate design
INFO: [USF-XSim-61] Executing 'SIMULATE' step in 'C:/Labs/Lab_3_Sethu_Senthil/Lab_3_Sethu_Senthil.sim/sim_1/behav/xsim'
INFO: [USF-XSim-98] *** Running xsim
   with args "TestBench_behav -key {Behavioral:sim_1:Functional:TestBench} -tclbatch {TestBench.tcl} -log {simulate.log}"
INFO: [USF-XSim-8] Loading simulator feature
Time resolution is 1 ps
source TestBench.tcl
# set curr_wave [current_wave_config]
# if { [string length $curr_wave] == 0 } {
#   if { [llength [get_objects]] > 0} {
#     add_wave /
#     set_property needs_save false [current_wave_config]
#   } else {
#      send_msg_id Add_Wave-1 WARNING "No top level signals found. Simulator will start without a wave window. If you want to open a wave window go to 'File->New Waveform Configuration' or type 'create_wave_config' in the TCL console."
#   }
# }
# run 1000ns
xsim: Time (s): cpu = 00:00:15 ; elapsed = 00:00:09 . Memory (MB): peak = 1575.414 ; gain = 15.848
INFO: [USF-XSim-96] XSim completed. Design snapshot 'TestBench_behav' loaded.
INFO: [USF-XSim-97] XSim simulation ran for 1000ns
launch_simulation: Time (s): cpu = 00:00:19 ; elapsed = 00:00:22 . Memory (MB): peak = 1575.414 ; gain = 22.215
update_compile_order -fileset sources_1
update_compile_order -fileset sources_1
WARNING: [filemgmt 56-199] Attempt to get parsing info during refresh. "On-the-fly" syntax checking information may be incorrect. [C:\Labs\Lab_3_Sethu_Senthil\Lab_3_Sethu_Senthil.srcs\sources_1\new\Datapath.v:]
WARNING: [filemgmt 56-199] Attempt to get parsing info during refresh. "On-the-fly" syntax checking information may be incorrect. [C:\Labs\Lab_3_Sethu_Senthil\Lab_3_Sethu_Senthil.srcs\sources_1\new\ProgramCounter.v:]
ERROR: [Common 17-180] Spawn failed: No error
update_compile_order -fileset sources_1
update_compile_order -fileset sources_1
update_compile_order -fileset sources_1
update_compile_order -fileset sources_1
reset_run synth_1
INFO: [Project 1-1161] Replacing file C:/Labs/Lab_3_Sethu_Senthil/Lab_3_Sethu_Senthil.srcs/utils_1/imports/synth_1/Datapath.dcp with file C:/Labs/Lab_3_Sethu_Senthil/Lab_3_Sethu_Senthil.runs/synth_1/Datapath.dcp
WARNING: [Vivado 12-1017] Problems encountered:
1. Failed to delete one or more files in run directory C:/Labs/Lab_3_Sethu_Senthil/Lab_3_Sethu_Senthil.runs/synth_1

launch_runs synth_1 -jobs 2
[Sun Mar 17 23:23:58 2024] Launched synth_1...
Run output will be captured here: C:/Labs/Lab_3_Sethu_Senthil/Lab_3_Sethu_Senthil.runs/synth_1/runme.log
close_sim
INFO: [Simtcl 6-16] Simulation closed
launch_simulation
Command: launch_simulation 
INFO: [Vivado 12-12493] Simulation top is 'TestBench'
WARNING: [Vivado 12-13340] Unable to auto find GCC executables from simulator install path! (path not set)
INFO: [Vivado 12-5682] Launching behavioral simulation in 'C:/Labs/Lab_3_Sethu_Senthil/Lab_3_Sethu_Senthil.sim/sim_1/behav/xsim'
INFO: [SIM-utils-51] Simulation object is 'sim_1'
INFO: [SIM-utils-72] Using boost library from 'C:/Xilinx/Vivado/2023.1/tps/boost_1_72_0'
INFO: [SIM-utils-54] Inspecting design source files for 'TestBench' in fileset 'sim_1'...
INFO: [USF-XSim-97] Finding global include files...
INFO: [USF-XSim-98] Fetching design files from 'sim_1'...
INFO: [USF-XSim-2] XSim::Compile design
INFO: [USF-XSim-61] Executing 'COMPILE and ANALYZE' step in 'C:/Labs/Lab_3_Sethu_Senthil/Lab_3_Sethu_Senthil.sim/sim_1/behav/xsim'
"xvlog --incr --relax -prj TestBench_vlog.prj"
ECHO is off.
ECHO is off.
INFO: [VRFC 10-2263] Analyzing Verilog file "C:/Labs/Lab_3_Sethu_Senthil/Lab_3_Sethu_Senthil.srcs/sources_1/new/ControlUnit.v" into library xil_defaultlib
INFO: [VRFC 10-311] analyzing module ControlUnit
INFO: [VRFC 10-2263] Analyzing Verilog file "C:/Labs/Lab_3_Sethu_Senthil/Lab_3_Sethu_Senthil.srcs/sources_1/new/Datapath.v" into library xil_defaultlib
INFO: [VRFC 10-311] analyzing module Datapath
INFO: [VRFC 10-2263] Analyzing Verilog file "C:/Labs/Lab_3_Sethu_Senthil/Lab_3_Sethu_Senthil.srcs/sources_1/new/IDEXEpipeline.v" into library xil_defaultlib
INFO: [VRFC 10-311] analyzing module IDEXEpipeline
INFO: [VRFC 10-2263] Analyzing Verilog file "C:/Labs/Lab_3_Sethu_Senthil/Lab_3_Sethu_Senthil.srcs/sources_1/new/IFIDpipelineReg.v" into library xil_defaultlib
INFO: [VRFC 10-311] analyzing module IFIDpipelineReg
INFO: [VRFC 10-2263] Analyzing Verilog file "C:/Labs/Lab_3_Sethu_Senthil/Lab_3_Sethu_Senthil.srcs/sources_1/new/ImmediateExtender.v" into library xil_defaultlib
INFO: [VRFC 10-311] analyzing module ImmediateExtender
INFO: [VRFC 10-2263] Analyzing Verilog file "C:/Labs/Lab_3_Sethu_Senthil/Lab_3_Sethu_Senthil.srcs/sources_1/new/InstructionMemory.v" into library xil_defaultlib
INFO: [VRFC 10-311] analyzing module InstructionMemory
INFO: [VRFC 10-2263] Analyzing Verilog file "C:/Labs/Lab_3_Sethu_Senthil/Lab_3_Sethu_Senthil.srcs/sources_1/new/ProgramCounter.v" into library xil_defaultlib
INFO: [VRFC 10-311] analyzing module ProgramCounter
INFO: [VRFC 10-2263] Analyzing Verilog file "C:/Labs/Lab_3_Sethu_Senthil/Lab_3_Sethu_Senthil.srcs/sources_1/new/RegisterFile.v" into library xil_defaultlib
INFO: [VRFC 10-311] analyzing module RegisterFile
INFO: [VRFC 10-2263] Analyzing Verilog file "C:/Labs/Lab_3_Sethu_Senthil/Lab_3_Sethu_Senthil.srcs/sources_1/new/RegrtMultiplexer.v" into library xil_defaultlib
INFO: [VRFC 10-311] analyzing module RegrtMultiplexer
INFO: [VRFC 10-2263] Analyzing Verilog file "C:/Labs/Lab_3_Sethu_Senthil/Lab_3_Sethu_Senthil.srcs/sources_1/new/pcAdder.v" into library xil_defaultlib
INFO: [VRFC 10-311] analyzing module pcAdder
INFO: [VRFC 10-2263] Analyzing Verilog file "C:/Labs/Lab_3_Sethu_Senthil/Lab_3_Sethu_Senthil.srcs/sim_1/new/TestBench.v" into library xil_defaultlib
INFO: [VRFC 10-311] analyzing module TestBench
run_program: Time (s): cpu = 00:00:01 ; elapsed = 00:00:05 . Memory (MB): peak = 1594.594 ; gain = 0.000
INFO: [USF-XSim-69] 'compile' step finished in '5' seconds
INFO: [USF-XSim-3] XSim::Elaborate design
INFO: [USF-XSim-61] Executing 'ELABORATE' step in 'C:/Labs/Lab_3_Sethu_Senthil/Lab_3_Sethu_Senthil.sim/sim_1/behav/xsim'
"xelab --incr --debug typical --relax --mt 2 -L xil_defaultlib -L unisims_ver -L unimacro_ver -L secureip --snapshot TestBench_behav xil_defaultlib.TestBench xil_defaultlib.glbl -log elaborate.log"
ECHO is off.
ECHO is off.
Vivado Simulator v2023.1
Copyright 1986-2022 Xilinx, Inc. All Rights Reserved.
Copyright 2022-2023 Advanced Micro Devices, Inc. All Rights Reserved.
Running: C:/Xilinx/Vivado/2023.1/bin/unwrapped/win64.o/xelab.exe --incr --debug typical --relax --mt 2 -L xil_defaultlib -L unisims_ver -L unimacro_ver -L secureip --snapshot TestBench_behav xil_defaultlib.TestBench xil_defaultlib.glbl -log elaborate.log 
Using 2 slave threads.
Starting static elaboration
Pass Through NonSizing Optimizer
ERROR: [VRFC 10-3180] cannot find port 'eimm32' on this module [C:/Labs/Lab_3_Sethu_Senthil/Lab_3_Sethu_Senthil.srcs/sim_1/new/TestBench.v:59]
ERROR: [VRFC 10-3180] cannot find port 'eqb' on this module [C:/Labs/Lab_3_Sethu_Senthil/Lab_3_Sethu_Senthil.srcs/sim_1/new/TestBench.v:58]
ERROR: [VRFC 10-3180] cannot find port 'eqa' on this module [C:/Labs/Lab_3_Sethu_Senthil/Lab_3_Sethu_Senthil.srcs/sim_1/new/TestBench.v:57]
ERROR: [VRFC 10-3180] cannot find port 'edestReg' on this module [C:/Labs/Lab_3_Sethu_Senthil/Lab_3_Sethu_Senthil.srcs/sim_1/new/TestBench.v:56]
ERROR: [VRFC 10-3180] cannot find port 'ealuimm' on this module [C:/Labs/Lab_3_Sethu_Senthil/Lab_3_Sethu_Senthil.srcs/sim_1/new/TestBench.v:55]
ERROR: [VRFC 10-3180] cannot find port 'ealuc' on this module [C:/Labs/Lab_3_Sethu_Senthil/Lab_3_Sethu_Senthil.srcs/sim_1/new/TestBench.v:54]
ERROR: [VRFC 10-3180] cannot find port 'ewmem' on this module [C:/Labs/Lab_3_Sethu_Senthil/Lab_3_Sethu_Senthil.srcs/sim_1/new/TestBench.v:53]
ERROR: [VRFC 10-3180] cannot find port 'em2reg' on this module [C:/Labs/Lab_3_Sethu_Senthil/Lab_3_Sethu_Senthil.srcs/sim_1/new/TestBench.v:52]
ERROR: [VRFC 10-3180] cannot find port 'ewreg' on this module [C:/Labs/Lab_3_Sethu_Senthil/Lab_3_Sethu_Senthil.srcs/sim_1/new/TestBench.v:51]
ERROR: [VRFC 10-3180] cannot find port 'dinstOut' on this module [C:/Labs/Lab_3_Sethu_Senthil/Lab_3_Sethu_Senthil.srcs/sim_1/new/TestBench.v:50]
ERROR: [VRFC 10-3180] cannot find port 'pc' on this module [C:/Labs/Lab_3_Sethu_Senthil/Lab_3_Sethu_Senthil.srcs/sim_1/new/TestBench.v:49]
ERROR: [XSIM 43-3322] Static elaboration of top level Verilog design unit(s) in library work failed.
INFO: [USF-XSim-69] 'elaborate' step finished in '4' seconds
INFO: [USF-XSim-99] Step results log file:'C:/Labs/Lab_3_Sethu_Senthil/Lab_3_Sethu_Senthil.sim/sim_1/behav/xsim/elaborate.log'
ERROR: [USF-XSim-62] 'elaborate' step failed with error(s). Please check the Tcl console output or 'C:/Labs/Lab_3_Sethu_Senthil/Lab_3_Sethu_Senthil.sim/sim_1/behav/xsim/elaborate.log' file for more information.
ERROR: [Vivado 12-4473] Detected error while running simulation. Please correct the issue and retry this operation.
launch_simulation: Time (s): cpu = 00:00:03 ; elapsed = 00:00:11 . Memory (MB): peak = 1594.594 ; gain = 0.000
ERROR: [Common 17-39] 'launch_simulation' failed due to earlier errors.
launch_simulation
Command: launch_simulation 
INFO: [Vivado 12-12493] Simulation top is 'TestBench'
WARNING: [Vivado 12-13340] Unable to auto find GCC executables from simulator install path! (path not set)
INFO: [Vivado 12-5682] Launching behavioral simulation in 'C:/Labs/Lab_3_Sethu_Senthil/Lab_3_Sethu_Senthil.sim/sim_1/behav/xsim'
INFO: [SIM-utils-51] Simulation object is 'sim_1'
INFO: [SIM-utils-72] Using boost library from 'C:/Xilinx/Vivado/2023.1/tps/boost_1_72_0'
INFO: [SIM-utils-54] Inspecting design source files for 'TestBench' in fileset 'sim_1'...
INFO: [USF-XSim-97] Finding global include files...
INFO: [USF-XSim-98] Fetching design files from 'sim_1'...
INFO: [USF-XSim-2] XSim::Compile design
INFO: [USF-XSim-61] Executing 'COMPILE and ANALYZE' step in 'C:/Labs/Lab_3_Sethu_Senthil/Lab_3_Sethu_Senthil.sim/sim_1/behav/xsim'
"xvlog --incr --relax -prj TestBench_vlog.prj"
ECHO is off.
ECHO is off.
INFO: [VRFC 10-2263] Analyzing Verilog file "C:/Labs/Lab_3_Sethu_Senthil/Lab_3_Sethu_Senthil.srcs/sources_1/new/ControlUnit.v" into library xil_defaultlib
INFO: [VRFC 10-311] analyzing module ControlUnit
INFO: [VRFC 10-2263] Analyzing Verilog file "C:/Labs/Lab_3_Sethu_Senthil/Lab_3_Sethu_Senthil.srcs/sources_1/new/Datapath.v" into library xil_defaultlib
INFO: [VRFC 10-311] analyzing module Datapath
INFO: [VRFC 10-2263] Analyzing Verilog file "C:/Labs/Lab_3_Sethu_Senthil/Lab_3_Sethu_Senthil.srcs/sources_1/new/IDEXEpipeline.v" into library xil_defaultlib
INFO: [VRFC 10-311] analyzing module IDEXEpipeline
INFO: [VRFC 10-2263] Analyzing Verilog file "C:/Labs/Lab_3_Sethu_Senthil/Lab_3_Sethu_Senthil.srcs/sources_1/new/IFIDpipelineReg.v" into library xil_defaultlib
INFO: [VRFC 10-311] analyzing module IFIDpipelineReg
INFO: [VRFC 10-2263] Analyzing Verilog file "C:/Labs/Lab_3_Sethu_Senthil/Lab_3_Sethu_Senthil.srcs/sources_1/new/ImmediateExtender.v" into library xil_defaultlib
INFO: [VRFC 10-311] analyzing module ImmediateExtender
INFO: [VRFC 10-2263] Analyzing Verilog file "C:/Labs/Lab_3_Sethu_Senthil/Lab_3_Sethu_Senthil.srcs/sources_1/new/InstructionMemory.v" into library xil_defaultlib
INFO: [VRFC 10-311] analyzing module InstructionMemory
INFO: [VRFC 10-2263] Analyzing Verilog file "C:/Labs/Lab_3_Sethu_Senthil/Lab_3_Sethu_Senthil.srcs/sources_1/new/ProgramCounter.v" into library xil_defaultlib
INFO: [VRFC 10-311] analyzing module ProgramCounter
INFO: [VRFC 10-2263] Analyzing Verilog file "C:/Labs/Lab_3_Sethu_Senthil/Lab_3_Sethu_Senthil.srcs/sources_1/new/RegisterFile.v" into library xil_defaultlib
INFO: [VRFC 10-311] analyzing module RegisterFile
INFO: [VRFC 10-2263] Analyzing Verilog file "C:/Labs/Lab_3_Sethu_Senthil/Lab_3_Sethu_Senthil.srcs/sources_1/new/RegrtMultiplexer.v" into library xil_defaultlib
INFO: [VRFC 10-311] analyzing module RegrtMultiplexer
INFO: [VRFC 10-2263] Analyzing Verilog file "C:/Labs/Lab_3_Sethu_Senthil/Lab_3_Sethu_Senthil.srcs/sources_1/new/pcAdder.v" into library xil_defaultlib
INFO: [VRFC 10-311] analyzing module pcAdder
INFO: [VRFC 10-2263] Analyzing Verilog file "C:/Labs/Lab_3_Sethu_Senthil/Lab_3_Sethu_Senthil.srcs/sim_1/new/TestBench.v" into library xil_defaultlib
INFO: [VRFC 10-311] analyzing module TestBench
INFO: [USF-XSim-69] 'compile' step finished in '5' seconds
INFO: [USF-XSim-3] XSim::Elaborate design
INFO: [USF-XSim-61] Executing 'ELABORATE' step in 'C:/Labs/Lab_3_Sethu_Senthil/Lab_3_Sethu_Senthil.sim/sim_1/behav/xsim'
"xelab --incr --debug typical --relax --mt 2 -L xil_defaultlib -L unisims_ver -L unimacro_ver -L secureip --snapshot TestBench_behav xil_defaultlib.TestBench xil_defaultlib.glbl -log elaborate.log"
ECHO is off.
ECHO is off.
Vivado Simulator v2023.1
Copyright 1986-2022 Xilinx, Inc. All Rights Reserved.
Copyright 2022-2023 Advanced Micro Devices, Inc. All Rights Reserved.
Running: C:/Xilinx/Vivado/2023.1/bin/unwrapped/win64.o/xelab.exe --incr --debug typical --relax --mt 2 -L xil_defaultlib -L unisims_ver -L unimacro_ver -L secureip --snapshot TestBench_behav xil_defaultlib.TestBench xil_defaultlib.glbl -log elaborate.log 
Using 2 slave threads.
Starting static elaboration
Pass Through NonSizing Optimizer
Completed static elaboration
Starting simulation data flow analysis
Completed simulation data flow analysis
Time Resolution for simulation is 1ps
Compiling module xil_defaultlib.ProgramCounter
Compiling module xil_defaultlib.pcAdder
Compiling module xil_defaultlib.InstructionMemory
Compiling module xil_defaultlib.IFIDpipelineReg
Compiling module xil_defaultlib.ControlUnit
Compiling module xil_defaultlib.RegrtMultiplexer
Compiling module xil_defaultlib.RegisterFile
Compiling module xil_defaultlib.ImmediateExtender
Compiling module xil_defaultlib.IDEXEpipeline
Compiling module xil_defaultlib.Datapath
Compiling module xil_defaultlib.TestBench
Compiling module xil_defaultlib.glbl
Built simulation snapshot TestBench_behav
run_program: Time (s): cpu = 00:00:01 ; elapsed = 00:00:07 . Memory (MB): peak = 1594.594 ; gain = 0.000
INFO: [USF-XSim-69] 'elaborate' step finished in '7' seconds
INFO: [USF-XSim-4] XSim::Simulate design
INFO: [USF-XSim-61] Executing 'SIMULATE' step in 'C:/Labs/Lab_3_Sethu_Senthil/Lab_3_Sethu_Senthil.sim/sim_1/behav/xsim'
INFO: [USF-XSim-98] *** Running xsim
   with args "TestBench_behav -key {Behavioral:sim_1:Functional:TestBench} -tclbatch {TestBench.tcl} -log {simulate.log}"
INFO: [USF-XSim-8] Loading simulator feature
Time resolution is 1 ps
source TestBench.tcl
# set curr_wave [current_wave_config]
# if { [string length $curr_wave] == 0 } {
#   if { [llength [get_objects]] > 0} {
#     add_wave /
#     set_property needs_save false [current_wave_config]
#   } else {
#      send_msg_id Add_Wave-1 WARNING "No top level signals found. Simulator will start without a wave window. If you want to open a wave window go to 'File->New Waveform Configuration' or type 'create_wave_config' in the TCL console."
#   }
# }
# run 1000ns
INFO: [USF-XSim-96] XSim completed. Design snapshot 'TestBench_behav' loaded.
INFO: [USF-XSim-97] XSim simulation ran for 1000ns
launch_simulation: Time (s): cpu = 00:00:08 ; elapsed = 00:00:18 . Memory (MB): peak = 1594.594 ; gain = 0.000
WARNING: [filemgmt 56-199] Attempt to get parsing info during refresh. "On-the-fly" syntax checking information may be incorrect. [C:\Labs\Lab_3_Sethu_Senthil\Lab_3_Sethu_Senthil.srcs\sources_1\new\Datapath.v:]
WARNING: [filemgmt 56-199] Attempt to get parsing info during refresh. "On-the-fly" syntax checking information may be incorrect. [C:\Labs\Lab_3_Sethu_Senthil\Lab_3_Sethu_Senthil.srcs\sim_1\new\TestBench.v:]
WARNING: [filemgmt 56-199] Attempt to get parsing info during refresh. "On-the-fly" syntax checking information may be incorrect. [C:\Labs\Lab_3_Sethu_Senthil\Lab_3_Sethu_Senthil.srcs\sources_1\new\ProgramCounter.v:]
WARNING: [filemgmt 56-199] Attempt to get parsing info during refresh. "On-the-fly" syntax checking information may be incorrect. [C:\Labs\Lab_3_Sethu_Senthil\Lab_3_Sethu_Senthil.srcs\sources_1\new\InstructionMemory.v:]
WARNING: [filemgmt 56-199] Attempt to get parsing info during refresh. "On-the-fly" syntax checking information may be incorrect. [C:\Labs\Lab_3_Sethu_Senthil\Lab_3_Sethu_Senthil.srcs\sources_1\new\RegrtMultiplexer.v:]
WARNING: [filemgmt 56-199] Attempt to get parsing info during refresh. "On-the-fly" syntax checking information may be incorrect. [C:\Labs\Lab_3_Sethu_Senthil\Lab_3_Sethu_Senthil.srcs\sources_1\new\ControlUnit.v:]
WARNING: [filemgmt 56-199] Attempt to get parsing info during refresh. "On-the-fly" syntax checking information may be incorrect. [C:\Labs\Lab_3_Sethu_Senthil\Lab_3_Sethu_Senthil.srcs\sources_1\new\pcAdder.v:]
WARNING: [filemgmt 56-199] Attempt to get parsing info during refresh. "On-the-fly" syntax checking information may be incorrect. [C:\Labs\Lab_3_Sethu_Senthil\Lab_3_Sethu_Senthil.srcs\sources_1\new\IFIDpipelineReg.v:]
reset_run synth_1
INFO: [Project 1-1161] Replacing file C:/Labs/Lab_3_Sethu_Senthil/Lab_3_Sethu_Senthil.srcs/utils_1/imports/synth_1/Datapath.dcp with file C:/Labs/Lab_3_Sethu_Senthil/Lab_3_Sethu_Senthil.runs/synth_1/Datapath.dcp
WARNING: [Vivado 12-1017] Problems encountered:
1. Failed to delete one or more files in run directory C:/Labs/Lab_3_Sethu_Senthil/Lab_3_Sethu_Senthil.runs/synth_1

launch_runs synth_1 -jobs 2
[Sun Mar 17 23:42:29 2024] Launched synth_1...
Run output will be captured here: C:/Labs/Lab_3_Sethu_Senthil/Lab_3_Sethu_Senthil.runs/synth_1/runme.log
WARNING: [filemgmt 56-199] Attempt to get parsing info during refresh. "On-the-fly" syntax checking information may be incorrect. [C:\Labs\Lab_3_Sethu_Senthil\Lab_3_Sethu_Senthil.srcs\sources_1\new\Datapath.v:]
WARNING: [filemgmt 56-199] Attempt to get parsing info during refresh. "On-the-fly" syntax checking information may be incorrect. [C:\Labs\Lab_3_Sethu_Senthil\Lab_3_Sethu_Senthil.srcs\sources_1\new\IDEXEpipeline.v:]
WARNING: [filemgmt 56-199] Attempt to get parsing info during refresh. "On-the-fly" syntax checking information may be incorrect. [C:\Labs\Lab_3_Sethu_Senthil\Lab_3_Sethu_Senthil.srcs\sim_1\new\TestBench.v:]
WARNING: [filemgmt 56-199] Attempt to get parsing info during refresh. "On-the-fly" syntax checking information may be incorrect. [C:\Labs\Lab_3_Sethu_Senthil\Lab_3_Sethu_Senthil.srcs\sources_1\new\ProgramCounter.v:]
WARNING: [filemgmt 56-199] Attempt to get parsing info during refresh. "On-the-fly" syntax checking information may be incorrect. [C:\Labs\Lab_3_Sethu_Senthil\Lab_3_Sethu_Senthil.srcs\sources_1\new\InstructionMemory.v:]
WARNING: [filemgmt 56-199] Attempt to get parsing info during refresh. "On-the-fly" syntax checking information may be incorrect. [C:\Labs\Lab_3_Sethu_Senthil\Lab_3_Sethu_Senthil.srcs\sources_1\new\RegrtMultiplexer.v:]
WARNING: [filemgmt 56-199] Attempt to get parsing info during refresh. "On-the-fly" syntax checking information may be incorrect. [C:\Labs\Lab_3_Sethu_Senthil\Lab_3_Sethu_Senthil.srcs\sources_1\new\RegisterFile.v:]
WARNING: [filemgmt 56-199] Attempt to get parsing info during refresh. "On-the-fly" syntax checking information may be incorrect. [C:\Labs\Lab_3_Sethu_Senthil\Lab_3_Sethu_Senthil.srcs\sources_1\new\ImmediateExtender.v:]
WARNING: [filemgmt 56-199] Attempt to get parsing info during refresh. "On-the-fly" syntax checking information may be incorrect. [C:\Labs\Lab_3_Sethu_Senthil\Lab_3_Sethu_Senthil.srcs\sources_1\new\ControlUnit.v:]
WARNING: [filemgmt 56-199] Attempt to get parsing info during refresh. "On-the-fly" syntax checking information may be incorrect. [C:\Labs\Lab_3_Sethu_Senthil\Lab_3_Sethu_Senthil.srcs\sources_1\new\pcAdder.v:]
WARNING: [filemgmt 56-199] Attempt to get parsing info during refresh. "On-the-fly" syntax checking information may be incorrect. [C:\Labs\Lab_3_Sethu_Senthil\Lab_3_Sethu_Senthil.srcs\sources_1\new\IFIDpipelineReg.v:]
WARNING: [filemgmt 56-199] Attempt to get parsing info during refresh. "On-the-fly" syntax checking information may be incorrect. [C:\Labs\Lab_3_Sethu_Senthil\Lab_3_Sethu_Senthil.srcs\sources_1\new\Datapath.v:]
WARNING: [filemgmt 56-199] Attempt to get parsing info during refresh. "On-the-fly" syntax checking information may be incorrect. [C:\Labs\Lab_3_Sethu_Senthil\Lab_3_Sethu_Senthil.srcs\sources_1\new\IDEXEpipeline.v:]
WARNING: [filemgmt 56-199] Attempt to get parsing info during refresh. "On-the-fly" syntax checking information may be incorrect. [C:\Labs\Lab_3_Sethu_Senthil\Lab_3_Sethu_Senthil.srcs\sim_1\new\TestBench.v:]
WARNING: [filemgmt 56-199] Attempt to get parsing info during refresh. "On-the-fly" syntax checking information may be incorrect. [C:\Labs\Lab_3_Sethu_Senthil\Lab_3_Sethu_Senthil.srcs\sources_1\new\ProgramCounter.v:]
WARNING: [filemgmt 56-199] Attempt to get parsing info during refresh. "On-the-fly" syntax checking information may be incorrect. [C:\Labs\Lab_3_Sethu_Senthil\Lab_3_Sethu_Senthil.srcs\sources_1\new\InstructionMemory.v:]
WARNING: [filemgmt 56-199] Attempt to get parsing info during refresh. "On-the-fly" syntax checking information may be incorrect. [C:\Labs\Lab_3_Sethu_Senthil\Lab_3_Sethu_Senthil.srcs\sources_1\new\RegrtMultiplexer.v:]
WARNING: [filemgmt 56-199] Attempt to get parsing info during refresh. "On-the-fly" syntax checking information may be incorrect. [C:\Labs\Lab_3_Sethu_Senthil\Lab_3_Sethu_Senthil.srcs\sources_1\new\RegisterFile.v:]
WARNING: [filemgmt 56-199] Attempt to get parsing info during refresh. "On-the-fly" syntax checking information may be incorrect. [C:\Labs\Lab_3_Sethu_Senthil\Lab_3_Sethu_Senthil.srcs\sources_1\new\ImmediateExtender.v:]
WARNING: [filemgmt 56-199] Attempt to get parsing info during refresh. "On-the-fly" syntax checking information may be incorrect. [C:\Labs\Lab_3_Sethu_Senthil\Lab_3_Sethu_Senthil.srcs\sources_1\new\ControlUnit.v:]
WARNING: [filemgmt 56-199] Attempt to get parsing info during refresh. "On-the-fly" syntax checking information may be incorrect. [C:\Labs\Lab_3_Sethu_Senthil\Lab_3_Sethu_Senthil.srcs\sources_1\new\pcAdder.v:]
WARNING: [filemgmt 56-199] Attempt to get parsing info during refresh. "On-the-fly" syntax checking information may be incorrect. [C:\Labs\Lab_3_Sethu_Senthil\Lab_3_Sethu_Senthil.srcs\sources_1\new\IFIDpipelineReg.v:]
ERROR: [Common 17-180] Spawn failed: No such file or directory
close_sim
INFO: [Simtcl 6-16] Simulation closed
launch_simulation
Command: launch_simulation 
INFO: [Vivado 12-12493] Simulation top is 'TestBench'
WARNING: [Vivado 12-13340] Unable to auto find GCC executables from simulator install path! (path not set)
INFO: [Vivado 12-5682] Launching behavioral simulation in 'C:/Labs/Lab_3_Sethu_Senthil/Lab_3_Sethu_Senthil.sim/sim_1/behav/xsim'
INFO: [SIM-utils-51] Simulation object is 'sim_1'
INFO: [SIM-utils-72] Using boost library from 'C:/Xilinx/Vivado/2023.1/tps/boost_1_72_0'
INFO: [SIM-utils-54] Inspecting design source files for 'TestBench' in fileset 'sim_1'...
INFO: [USF-XSim-97] Finding global include files...
INFO: [USF-XSim-98] Fetching design files from 'sim_1'...
INFO: [USF-XSim-2] XSim::Compile design
INFO: [USF-XSim-61] Executing 'COMPILE and ANALYZE' step in 'C:/Labs/Lab_3_Sethu_Senthil/Lab_3_Sethu_Senthil.sim/sim_1/behav/xsim'
"xvlog --incr --relax -prj TestBench_vlog.prj"
ECHO is off.
ECHO is off.
INFO: [VRFC 10-2263] Analyzing Verilog file "C:/Labs/Lab_3_Sethu_Senthil/Lab_3_Sethu_Senthil.srcs/sources_1/new/ControlUnit.v" into library xil_defaultlib
INFO: [VRFC 10-311] analyzing module ControlUnit
INFO: [VRFC 10-2263] Analyzing Verilog file "C:/Labs/Lab_3_Sethu_Senthil/Lab_3_Sethu_Senthil.srcs/sources_1/new/Datapath.v" into library xil_defaultlib
INFO: [VRFC 10-311] analyzing module Datapath
INFO: [VRFC 10-2263] Analyzing Verilog file "C:/Labs/Lab_3_Sethu_Senthil/Lab_3_Sethu_Senthil.srcs/sources_1/new/IDEXEpipeline.v" into library xil_defaultlib
INFO: [VRFC 10-311] analyzing module IDEXEpipeline
INFO: [VRFC 10-2263] Analyzing Verilog file "C:/Labs/Lab_3_Sethu_Senthil/Lab_3_Sethu_Senthil.srcs/sources_1/new/IFIDpipelineReg.v" into library xil_defaultlib
INFO: [VRFC 10-311] analyzing module IFIDpipelineReg
INFO: [VRFC 10-2263] Analyzing Verilog file "C:/Labs/Lab_3_Sethu_Senthil/Lab_3_Sethu_Senthil.srcs/sources_1/new/ImmediateExtender.v" into library xil_defaultlib
INFO: [VRFC 10-311] analyzing module ImmediateExtender
INFO: [VRFC 10-2263] Analyzing Verilog file "C:/Labs/Lab_3_Sethu_Senthil/Lab_3_Sethu_Senthil.srcs/sources_1/new/InstructionMemory.v" into library xil_defaultlib
INFO: [VRFC 10-311] analyzing module InstructionMemory
INFO: [VRFC 10-2263] Analyzing Verilog file "C:/Labs/Lab_3_Sethu_Senthil/Lab_3_Sethu_Senthil.srcs/sources_1/new/ProgramCounter.v" into library xil_defaultlib
INFO: [VRFC 10-311] analyzing module ProgramCounter
INFO: [VRFC 10-2263] Analyzing Verilog file "C:/Labs/Lab_3_Sethu_Senthil/Lab_3_Sethu_Senthil.srcs/sources_1/new/RegisterFile.v" into library xil_defaultlib
INFO: [VRFC 10-311] analyzing module RegisterFile
INFO: [VRFC 10-2263] Analyzing Verilog file "C:/Labs/Lab_3_Sethu_Senthil/Lab_3_Sethu_Senthil.srcs/sources_1/new/RegrtMultiplexer.v" into library xil_defaultlib
INFO: [VRFC 10-311] analyzing module RegrtMultiplexer
INFO: [VRFC 10-2263] Analyzing Verilog file "C:/Labs/Lab_3_Sethu_Senthil/Lab_3_Sethu_Senthil.srcs/sources_1/new/pcAdder.v" into library xil_defaultlib
INFO: [VRFC 10-311] analyzing module pcAdder
INFO: [VRFC 10-2263] Analyzing Verilog file "C:/Labs/Lab_3_Sethu_Senthil/Lab_3_Sethu_Senthil.srcs/sim_1/new/TestBench.v" into library xil_defaultlib
INFO: [VRFC 10-311] analyzing module TestBench
run_program: Time (s): cpu = 00:00:00 ; elapsed = 00:00:05 . Memory (MB): peak = 1621.484 ; gain = 0.000
INFO: [USF-XSim-69] 'compile' step finished in '5' seconds
INFO: [USF-XSim-3] XSim::Elaborate design
INFO: [USF-XSim-61] Executing 'ELABORATE' step in 'C:/Labs/Lab_3_Sethu_Senthil/Lab_3_Sethu_Senthil.sim/sim_1/behav/xsim'
"xelab --incr --debug typical --relax --mt 2 -L xil_defaultlib -L unisims_ver -L unimacro_ver -L secureip --snapshot TestBench_behav xil_defaultlib.TestBench xil_defaultlib.glbl -log elaborate.log"
ECHO is off.
ECHO is off.
Vivado Simulator v2023.1
Copyright 1986-2022 Xilinx, Inc. All Rights Reserved.
Copyright 2022-2023 Advanced Micro Devices, Inc. All Rights Reserved.
Running: C:/Xilinx/Vivado/2023.1/bin/unwrapped/win64.o/xelab.exe --incr --debug typical --relax --mt 2 -L xil_defaultlib -L unisims_ver -L unimacro_ver -L secureip --snapshot TestBench_behav xil_defaultlib.TestBench xil_defaultlib.glbl -log elaborate.log 
Using 2 slave threads.
Starting static elaboration
Pass Through NonSizing Optimizer
Completed static elaboration
Starting simulation data flow analysis
Completed simulation data flow analysis
Time Resolution for simulation is 1ps
Compiling module xil_defaultlib.ProgramCounter
Compiling module xil_defaultlib.pcAdder
Compiling module xil_defaultlib.InstructionMemory
Compiling module xil_defaultlib.IFIDpipelineReg
Compiling module xil_defaultlib.ControlUnit
Compiling module xil_defaultlib.RegrtMultiplexer
Compiling module xil_defaultlib.RegisterFile
Compiling module xil_defaultlib.ImmediateExtender
Compiling module xil_defaultlib.IDEXEpipeline
Compiling module xil_defaultlib.Datapath
Compiling module xil_defaultlib.TestBench
Compiling module xil_defaultlib.glbl
Built simulation snapshot TestBench_behav
run_program: Time (s): cpu = 00:00:01 ; elapsed = 00:00:06 . Memory (MB): peak = 1621.484 ; gain = 0.000
INFO: [USF-XSim-69] 'elaborate' step finished in '6' seconds
INFO: [USF-XSim-4] XSim::Simulate design
INFO: [USF-XSim-61] Executing 'SIMULATE' step in 'C:/Labs/Lab_3_Sethu_Senthil/Lab_3_Sethu_Senthil.sim/sim_1/behav/xsim'
INFO: [USF-XSim-98] *** Running xsim
   with args "TestBench_behav -key {Behavioral:sim_1:Functional:TestBench} -tclbatch {TestBench.tcl} -log {simulate.log}"
INFO: [USF-XSim-8] Loading simulator feature
Time resolution is 1 ps
source TestBench.tcl
# set curr_wave [current_wave_config]
# if { [string length $curr_wave] == 0 } {
#   if { [llength [get_objects]] > 0} {
#     add_wave /
#     set_property needs_save false [current_wave_config]
#   } else {
#      send_msg_id Add_Wave-1 WARNING "No top level signals found. Simulator will start without a wave window. If you want to open a wave window go to 'File->New Waveform Configuration' or type 'create_wave_config' in the TCL console."
#   }
# }
# run 1000ns
xsim: Time (s): cpu = 00:00:07 ; elapsed = 00:00:05 . Memory (MB): peak = 1634.902 ; gain = 13.418
INFO: [USF-XSim-96] XSim completed. Design snapshot 'TestBench_behav' loaded.
INFO: [USF-XSim-97] XSim simulation ran for 1000ns
launch_simulation: Time (s): cpu = 00:00:09 ; elapsed = 00:00:17 . Memory (MB): peak = 1634.902 ; gain = 13.418
close_sim
INFO: [Simtcl 6-16] Simulation closed
launch_simulation
Command: launch_simulation 
INFO: [Vivado 12-12493] Simulation top is 'TestBench'
WARNING: [Vivado 12-13340] Unable to auto find GCC executables from simulator install path! (path not set)
INFO: [Vivado 12-5682] Launching behavioral simulation in 'C:/Labs/Lab_3_Sethu_Senthil/Lab_3_Sethu_Senthil.sim/sim_1/behav/xsim'
INFO: [SIM-utils-51] Simulation object is 'sim_1'
INFO: [SIM-utils-72] Using boost library from 'C:/Xilinx/Vivado/2023.1/tps/boost_1_72_0'
INFO: [SIM-utils-54] Inspecting design source files for 'TestBench' in fileset 'sim_1'...
INFO: [USF-XSim-97] Finding global include files...
INFO: [USF-XSim-98] Fetching design files from 'sim_1'...
INFO: [USF-XSim-2] XSim::Compile design
INFO: [USF-XSim-61] Executing 'COMPILE and ANALYZE' step in 'C:/Labs/Lab_3_Sethu_Senthil/Lab_3_Sethu_Senthil.sim/sim_1/behav/xsim'
"xvlog --incr --relax -prj TestBench_vlog.prj"
ECHO is off.
ECHO is off.
INFO: [VRFC 10-2263] Analyzing Verilog file "C:/Labs/Lab_3_Sethu_Senthil/Lab_3_Sethu_Senthil.srcs/sources_1/new/ControlUnit.v" into library xil_defaultlib
INFO: [VRFC 10-311] analyzing module ControlUnit
INFO: [VRFC 10-2263] Analyzing Verilog file "C:/Labs/Lab_3_Sethu_Senthil/Lab_3_Sethu_Senthil.srcs/sources_1/new/Datapath.v" into library xil_defaultlib
INFO: [VRFC 10-311] analyzing module Datapath
INFO: [VRFC 10-2263] Analyzing Verilog file "C:/Labs/Lab_3_Sethu_Senthil/Lab_3_Sethu_Senthil.srcs/sources_1/new/IDEXEpipeline.v" into library xil_defaultlib
INFO: [VRFC 10-311] analyzing module IDEXEpipeline
INFO: [VRFC 10-2263] Analyzing Verilog file "C:/Labs/Lab_3_Sethu_Senthil/Lab_3_Sethu_Senthil.srcs/sources_1/new/IFIDpipelineReg.v" into library xil_defaultlib
INFO: [VRFC 10-311] analyzing module IFIDpipelineReg
INFO: [VRFC 10-2263] Analyzing Verilog file "C:/Labs/Lab_3_Sethu_Senthil/Lab_3_Sethu_Senthil.srcs/sources_1/new/ImmediateExtender.v" into library xil_defaultlib
INFO: [VRFC 10-311] analyzing module ImmediateExtender
INFO: [VRFC 10-2263] Analyzing Verilog file "C:/Labs/Lab_3_Sethu_Senthil/Lab_3_Sethu_Senthil.srcs/sources_1/new/InstructionMemory.v" into library xil_defaultlib
INFO: [VRFC 10-311] analyzing module InstructionMemory
INFO: [VRFC 10-2263] Analyzing Verilog file "C:/Labs/Lab_3_Sethu_Senthil/Lab_3_Sethu_Senthil.srcs/sources_1/new/ProgramCounter.v" into library xil_defaultlib
INFO: [VRFC 10-311] analyzing module ProgramCounter
INFO: [VRFC 10-2263] Analyzing Verilog file "C:/Labs/Lab_3_Sethu_Senthil/Lab_3_Sethu_Senthil.srcs/sources_1/new/RegisterFile.v" into library xil_defaultlib
INFO: [VRFC 10-311] analyzing module RegisterFile
INFO: [VRFC 10-2263] Analyzing Verilog file "C:/Labs/Lab_3_Sethu_Senthil/Lab_3_Sethu_Senthil.srcs/sources_1/new/RegrtMultiplexer.v" into library xil_defaultlib
INFO: [VRFC 10-311] analyzing module RegrtMultiplexer
INFO: [VRFC 10-2263] Analyzing Verilog file "C:/Labs/Lab_3_Sethu_Senthil/Lab_3_Sethu_Senthil.srcs/sources_1/new/pcAdder.v" into library xil_defaultlib
INFO: [VRFC 10-311] analyzing module pcAdder
INFO: [VRFC 10-2263] Analyzing Verilog file "C:/Labs/Lab_3_Sethu_Senthil/Lab_3_Sethu_Senthil.srcs/sim_1/new/TestBench.v" into library xil_defaultlib
INFO: [VRFC 10-311] analyzing module TestBench
run_program: Time (s): cpu = 00:00:01 ; elapsed = 00:00:05 . Memory (MB): peak = 1634.902 ; gain = 0.000
INFO: [USF-XSim-69] 'compile' step finished in '5' seconds
INFO: [USF-XSim-3] XSim::Elaborate design
INFO: [USF-XSim-61] Executing 'ELABORATE' step in 'C:/Labs/Lab_3_Sethu_Senthil/Lab_3_Sethu_Senthil.sim/sim_1/behav/xsim'
"xelab --incr --debug typical --relax --mt 2 -L xil_defaultlib -L unisims_ver -L unimacro_ver -L secureip --snapshot TestBench_behav xil_defaultlib.TestBench xil_defaultlib.glbl -log elaborate.log"
ECHO is off.
ECHO is off.
Vivado Simulator v2023.1
Copyright 1986-2022 Xilinx, Inc. All Rights Reserved.
Copyright 2022-2023 Advanced Micro Devices, Inc. All Rights Reserved.
Running: C:/Xilinx/Vivado/2023.1/bin/unwrapped/win64.o/xelab.exe --incr --debug typical --relax --mt 2 -L xil_defaultlib -L unisims_ver -L unimacro_ver -L secureip --snapshot TestBench_behav xil_defaultlib.TestBench xil_defaultlib.glbl -log elaborate.log 
Using 2 slave threads.
Starting static elaboration
Pass Through NonSizing Optimizer
Completed static elaboration
Starting simulation data flow analysis
Completed simulation data flow analysis
Time Resolution for simulation is 1ps
Compiling module xil_defaultlib.ProgramCounter
Compiling module xil_defaultlib.pcAdder
Compiling module xil_defaultlib.InstructionMemory
Compiling module xil_defaultlib.IFIDpipelineReg
Compiling module xil_defaultlib.ControlUnit
Compiling module xil_defaultlib.RegrtMultiplexer
Compiling module xil_defaultlib.RegisterFile
Compiling module xil_defaultlib.ImmediateExtender
Compiling module xil_defaultlib.IDEXEpipeline
Compiling module xil_defaultlib.Datapath
Compiling module xil_defaultlib.TestBench
Compiling module xil_defaultlib.glbl
Built simulation snapshot TestBench_behav
run_program: Time (s): cpu = 00:00:00 ; elapsed = 00:00:06 . Memory (MB): peak = 1634.902 ; gain = 0.000
INFO: [USF-XSim-69] 'elaborate' step finished in '6' seconds
INFO: [USF-XSim-4] XSim::Simulate design
INFO: [USF-XSim-61] Executing 'SIMULATE' step in 'C:/Labs/Lab_3_Sethu_Senthil/Lab_3_Sethu_Senthil.sim/sim_1/behav/xsim'
INFO: [USF-XSim-98] *** Running xsim
   with args "TestBench_behav -key {Behavioral:sim_1:Functional:TestBench} -tclbatch {TestBench.tcl} -log {simulate.log}"
INFO: [USF-XSim-8] Loading simulator feature
Time resolution is 1 ps
source TestBench.tcl
# set curr_wave [current_wave_config]
# if { [string length $curr_wave] == 0 } {
#   if { [llength [get_objects]] > 0} {
#     add_wave /
#     set_property needs_save false [current_wave_config]
#   } else {
#      send_msg_id Add_Wave-1 WARNING "No top level signals found. Simulator will start without a wave window. If you want to open a wave window go to 'File->New Waveform Configuration' or type 'create_wave_config' in the TCL console."
#   }
# }
# run 1000ns
xsim: Time (s): cpu = 00:00:07 ; elapsed = 00:00:07 . Memory (MB): peak = 1634.902 ; gain = 0.000
INFO: [USF-XSim-96] XSim completed. Design snapshot 'TestBench_behav' loaded.
INFO: [USF-XSim-97] XSim simulation ran for 1000ns
launch_simulation: Time (s): cpu = 00:00:10 ; elapsed = 00:00:19 . Memory (MB): peak = 1634.902 ; gain = 0.000
close_sim
INFO: [Simtcl 6-16] Simulation closed
launch_simulation
Command: launch_simulation 
INFO: [Vivado 12-12493] Simulation top is 'TestBench'
WARNING: [Vivado 12-13340] Unable to auto find GCC executables from simulator install path! (path not set)
INFO: [Vivado 12-5682] Launching behavioral simulation in 'C:/Labs/Lab_3_Sethu_Senthil/Lab_3_Sethu_Senthil.sim/sim_1/behav/xsim'
INFO: [SIM-utils-51] Simulation object is 'sim_1'
INFO: [SIM-utils-72] Using boost library from 'C:/Xilinx/Vivado/2023.1/tps/boost_1_72_0'
INFO: [SIM-utils-54] Inspecting design source files for 'TestBench' in fileset 'sim_1'...
INFO: [USF-XSim-97] Finding global include files...
INFO: [USF-XSim-98] Fetching design files from 'sim_1'...
INFO: [USF-XSim-2] XSim::Compile design
INFO: [USF-XSim-61] Executing 'COMPILE and ANALYZE' step in 'C:/Labs/Lab_3_Sethu_Senthil/Lab_3_Sethu_Senthil.sim/sim_1/behav/xsim'
"xvlog --incr --relax -prj TestBench_vlog.prj"
ECHO is off.
ECHO is off.
INFO: [VRFC 10-2263] Analyzing Verilog file "C:/Labs/Lab_3_Sethu_Senthil/Lab_3_Sethu_Senthil.srcs/sources_1/new/ControlUnit.v" into library xil_defaultlib
INFO: [VRFC 10-311] analyzing module ControlUnit
INFO: [VRFC 10-2263] Analyzing Verilog file "C:/Labs/Lab_3_Sethu_Senthil/Lab_3_Sethu_Senthil.srcs/sources_1/new/Datapath.v" into library xil_defaultlib
INFO: [VRFC 10-311] analyzing module Datapath
INFO: [VRFC 10-2263] Analyzing Verilog file "C:/Labs/Lab_3_Sethu_Senthil/Lab_3_Sethu_Senthil.srcs/sources_1/new/IDEXEpipeline.v" into library xil_defaultlib
INFO: [VRFC 10-311] analyzing module IDEXEpipeline
INFO: [VRFC 10-2263] Analyzing Verilog file "C:/Labs/Lab_3_Sethu_Senthil/Lab_3_Sethu_Senthil.srcs/sources_1/new/IFIDpipelineReg.v" into library xil_defaultlib
INFO: [VRFC 10-311] analyzing module IFIDpipelineReg
INFO: [VRFC 10-2263] Analyzing Verilog file "C:/Labs/Lab_3_Sethu_Senthil/Lab_3_Sethu_Senthil.srcs/sources_1/new/ImmediateExtender.v" into library xil_defaultlib
INFO: [VRFC 10-311] analyzing module ImmediateExtender
INFO: [VRFC 10-2263] Analyzing Verilog file "C:/Labs/Lab_3_Sethu_Senthil/Lab_3_Sethu_Senthil.srcs/sources_1/new/InstructionMemory.v" into library xil_defaultlib
INFO: [VRFC 10-311] analyzing module InstructionMemory
INFO: [VRFC 10-2263] Analyzing Verilog file "C:/Labs/Lab_3_Sethu_Senthil/Lab_3_Sethu_Senthil.srcs/sources_1/new/ProgramCounter.v" into library xil_defaultlib
INFO: [VRFC 10-311] analyzing module ProgramCounter
INFO: [VRFC 10-2263] Analyzing Verilog file "C:/Labs/Lab_3_Sethu_Senthil/Lab_3_Sethu_Senthil.srcs/sources_1/new/RegisterFile.v" into library xil_defaultlib
INFO: [VRFC 10-311] analyzing module RegisterFile
INFO: [VRFC 10-2263] Analyzing Verilog file "C:/Labs/Lab_3_Sethu_Senthil/Lab_3_Sethu_Senthil.srcs/sources_1/new/RegrtMultiplexer.v" into library xil_defaultlib
INFO: [VRFC 10-311] analyzing module RegrtMultiplexer
INFO: [VRFC 10-2263] Analyzing Verilog file "C:/Labs/Lab_3_Sethu_Senthil/Lab_3_Sethu_Senthil.srcs/sources_1/new/pcAdder.v" into library xil_defaultlib
INFO: [VRFC 10-311] analyzing module pcAdder
INFO: [VRFC 10-2263] Analyzing Verilog file "C:/Labs/Lab_3_Sethu_Senthil/Lab_3_Sethu_Senthil.srcs/sim_1/new/TestBench.v" into library xil_defaultlib
INFO: [VRFC 10-311] analyzing module TestBench
run_program: Time (s): cpu = 00:00:02 ; elapsed = 00:00:05 . Memory (MB): peak = 1638.867 ; gain = 0.000
INFO: [USF-XSim-69] 'compile' step finished in '5' seconds
INFO: [USF-XSim-3] XSim::Elaborate design
INFO: [USF-XSim-61] Executing 'ELABORATE' step in 'C:/Labs/Lab_3_Sethu_Senthil/Lab_3_Sethu_Senthil.sim/sim_1/behav/xsim'
"xelab --incr --debug typical --relax --mt 2 -L xil_defaultlib -L unisims_ver -L unimacro_ver -L secureip --snapshot TestBench_behav xil_defaultlib.TestBench xil_defaultlib.glbl -log elaborate.log"
ECHO is off.
ECHO is off.
Vivado Simulator v2023.1
Copyright 1986-2022 Xilinx, Inc. All Rights Reserved.
Copyright 2022-2023 Advanced Micro Devices, Inc. All Rights Reserved.
Running: C:/Xilinx/Vivado/2023.1/bin/unwrapped/win64.o/xelab.exe --incr --debug typical --relax --mt 2 -L xil_defaultlib -L unisims_ver -L unimacro_ver -L secureip --snapshot TestBench_behav xil_defaultlib.TestBench xil_defaultlib.glbl -log elaborate.log 
Using 2 slave threads.
Starting static elaboration
Pass Through NonSizing Optimizer
Completed static elaboration
Starting simulation data flow analysis
Completed simulation data flow analysis
Time Resolution for simulation is 1ps
Compiling module xil_defaultlib.ProgramCounter
Compiling module xil_defaultlib.pcAdder
Compiling module xil_defaultlib.InstructionMemory
Compiling module xil_defaultlib.IFIDpipelineReg
Compiling module xil_defaultlib.ControlUnit
Compiling module xil_defaultlib.RegrtMultiplexer
Compiling module xil_defaultlib.RegisterFile
Compiling module xil_defaultlib.ImmediateExtender
Compiling module xil_defaultlib.IDEXEpipeline
Compiling module xil_defaultlib.Datapath
Compiling module xil_defaultlib.TestBench
Compiling module xil_defaultlib.glbl
Built simulation snapshot TestBench_behav
run_program: Time (s): cpu = 00:00:01 ; elapsed = 00:00:05 . Memory (MB): peak = 1638.867 ; gain = 0.000
INFO: [USF-XSim-69] 'elaborate' step finished in '5' seconds
INFO: [USF-XSim-4] XSim::Simulate design
INFO: [USF-XSim-61] Executing 'SIMULATE' step in 'C:/Labs/Lab_3_Sethu_Senthil/Lab_3_Sethu_Senthil.sim/sim_1/behav/xsim'
INFO: [USF-XSim-98] *** Running xsim
   with args "TestBench_behav -key {Behavioral:sim_1:Functional:TestBench} -tclbatch {TestBench.tcl} -log {simulate.log}"
INFO: [USF-XSim-8] Loading simulator feature
Time resolution is 1 ps
source TestBench.tcl
# set curr_wave [current_wave_config]
# if { [string length $curr_wave] == 0 } {
#   if { [llength [get_objects]] > 0} {
#     add_wave /
#     set_property needs_save false [current_wave_config]
#   } else {
#      send_msg_id Add_Wave-1 WARNING "No top level signals found. Simulator will start without a wave window. If you want to open a wave window go to 'File->New Waveform Configuration' or type 'create_wave_config' in the TCL console."
#   }
# }
# run 1000ns
INFO: [USF-XSim-96] XSim completed. Design snapshot 'TestBench_behav' loaded.
INFO: [USF-XSim-97] XSim simulation ran for 1000ns
launch_simulation: Time (s): cpu = 00:00:09 ; elapsed = 00:00:16 . Memory (MB): peak = 1638.867 ; gain = 0.000
reset_run synth_1
INFO: [Project 1-1161] Replacing file C:/Labs/Lab_3_Sethu_Senthil/Lab_3_Sethu_Senthil.srcs/utils_1/imports/synth_1/Datapath.dcp with file C:/Labs/Lab_3_Sethu_Senthil/Lab_3_Sethu_Senthil.runs/synth_1/Datapath.dcp
WARNING: [Vivado 12-1017] Problems encountered:
1. Failed to delete one or more files in run directory C:/Labs/Lab_3_Sethu_Senthil/Lab_3_Sethu_Senthil.runs/synth_1

launch_runs synth_1 -jobs 2
[Sun Mar 17 23:59:59 2024] Launched synth_1...
Run output will be captured here: C:/Labs/Lab_3_Sethu_Senthil/Lab_3_Sethu_Senthil.runs/synth_1/runme.log
open_run synth_1 -name synth_1
Design is defaulting to impl run constrset: constrs_1
Design is defaulting to synth run part: xc7z010clg400-1
INFO: [Device 21-403] Loading part xc7z010clg400-1
Netlist sorting complete. Time (s): cpu = 00:00:00 ; elapsed = 00:00:00.006 . Memory (MB): peak = 2119.926 ; gain = 0.000
INFO: [Netlist 29-17] Analyzing 8 Unisim elements for replacement
INFO: [Netlist 29-28] Unisim Transformation completed in 0 CPU seconds
INFO: [Project 1-479] Netlist was created with Vivado 2023.1
INFO: [Project 1-570] Preparing netlist for logic optimization
INFO: [Opt 31-138] Pushed 0 inverter(s) to 0 load pin(s).
Netlist sorting complete. Time (s): cpu = 00:00:00 ; elapsed = 00:00:00.001 . Memory (MB): peak = 2119.926 ; gain = 0.000
INFO: [Project 1-111] Unisim Transformation Summary:
No Unisim elements were transformed.

open_run: Time (s): cpu = 00:00:41 ; elapsed = 00:00:32 . Memory (MB): peak = 2190.430 ; gain = 70.504
launch_runs impl_1 -jobs 2
[Mon Mar 18 00:03:36 2024] Launched impl_1...
Run output will be captured here: C:/Labs/Lab_3_Sethu_Senthil/Lab_3_Sethu_Senthil.runs/impl_1/runme.log
reset_run synth_1
INFO: [Project 1-1161] Replacing file C:/Labs/Lab_3_Sethu_Senthil/Lab_3_Sethu_Senthil.srcs/utils_1/imports/synth_1/Datapath.dcp with file C:/Labs/Lab_3_Sethu_Senthil/Lab_3_Sethu_Senthil.runs/synth_1/Datapath.dcp
WARNING: [Vivado 12-1017] Problems encountered:
1. Failed to delete one or more files in run directory C:/Labs/Lab_3_Sethu_Senthil/Lab_3_Sethu_Senthil.runs/synth_1

launch_runs synth_1 -jobs 2
[Mon Mar 18 00:09:28 2024] Launched synth_1...
Run output will be captured here: C:/Labs/Lab_3_Sethu_Senthil/Lab_3_Sethu_Senthil.runs/synth_1/runme.log
close_design
close_design: Time (s): cpu = 00:00:09 ; elapsed = 00:00:07 . Memory (MB): peak = 2792.035 ; gain = 0.000
open_run synth_1 -name synth_1
Design is defaulting to impl run constrset: constrs_1
Design is defaulting to synth run part: xc7z010clg400-1
Netlist sorting complete. Time (s): cpu = 00:00:00 ; elapsed = 00:00:00.008 . Memory (MB): peak = 2792.035 ; gain = 0.000
INFO: [Netlist 29-17] Analyzing 8 Unisim elements for replacement
INFO: [Netlist 29-28] Unisim Transformation completed in 0 CPU seconds
INFO: [Project 1-479] Netlist was created with Vivado 2023.1
INFO: [Project 1-570] Preparing netlist for logic optimization
INFO: [Opt 31-138] Pushed 0 inverter(s) to 0 load pin(s).
Netlist sorting complete. Time (s): cpu = 00:00:00 ; elapsed = 00:00:00 . Memory (MB): peak = 2792.035 ; gain = 0.000
INFO: [Project 1-111] Unisim Transformation Summary:
No Unisim elements were transformed.

open_run: Time (s): cpu = 00:00:13 ; elapsed = 00:00:09 . Memory (MB): peak = 2792.035 ; gain = 0.000
close_sim
INFO: [Simtcl 6-16] Simulation closed
exit
INFO: [Common 17-206] Exiting Vivado at Mon Mar 18 00:27:28 2024...
